[    0.000000] Linux version 4.15.0-72-generic (buildd@lcy01-amd64-026) (gcc version 7.4.0 (Ubuntu 7.4.0-1ubuntu1~18.04.1)) #81-Ubuntu SMP Tue Nov 26 12:20:02 UTC 2019 (Ubuntu 4.15.0-72.81-generic 4.15.18)
[    0.000000] Command line: BOOT_IMAGE=/boot/vmlinuz-4.15.0-72-generic root=LABEL=cloudimg-rootfs ro console=tty1 console=ttyS0
[    0.000000] KERNEL supported cpus:
[    0.000000]   Intel GenuineIntel
[    0.000000]   AMD AuthenticAMD
[    0.000000]   Centaur CentaurHauls
[    0.000000] x86/fpu: Supporting XSAVE feature 0x001: 'x87 floating point registers'
[    0.000000] x86/fpu: Supporting XSAVE feature 0x002: 'SSE registers'
[    0.000000] x86/fpu: Supporting XSAVE feature 0x004: 'AVX registers'
[    0.000000] x86/fpu: xstate_offset[2]:  576, xstate_sizes[2]:  256
[    0.000000] x86/fpu: Enabled xstate features 0x7, context size is 832 bytes, using 'standard' format.
[    0.000000] e820: BIOS-provided physical RAM map:
[    0.000000] BIOS-e820: [mem 0x0000000000000000-0x000000000009fbff] usable
[    0.000000] BIOS-e820: [mem 0x000000000009fc00-0x000000000009ffff] reserved
[    0.000000] BIOS-e820: [mem 0x00000000000f0000-0x00000000000fffff] reserved
[    0.000000] BIOS-e820: [mem 0x0000000000100000-0x000000001ffeffff] usable
[    0.000000] BIOS-e820: [mem 0x000000001fff0000-0x000000001fffffff] ACPI data
[    0.000000] BIOS-e820: [mem 0x00000000fec00000-0x00000000fec00fff] reserved
[    0.000000] BIOS-e820: [mem 0x00000000fee00000-0x00000000fee00fff] reserved
[    0.000000] BIOS-e820: [mem 0x00000000fffc0000-0x00000000ffffffff] reserved
[    0.000000] NX (Execute Disable) protection: active
[    0.000000] SMBIOS 2.5 present.
[    0.000000] DMI: innotek GmbH VirtualBox/VirtualBox, BIOS VirtualBox 12/01/2006
[    0.000000] Hypervisor detected: KVM
[    0.000000] e820: last_pfn = 0x1fff0 max_arch_pfn = 0x400000000
[    0.000000] MTRR: Disabled
[    0.000000] x86/PAT: MTRRs disabled, skipping PAT initialization too.
[    0.000000] CPU MTRRs all blank - virtualized system.
[    0.000000] x86/PAT: Configuration [0-7]: WB  WT  UC- UC  WB  WT  UC- UC  
[    0.000000] found SMP MP-table at [mem 0x0009fff0-0x0009ffff]
[    0.000000] Scanning 1 areas for low memory corruption
[    0.000000] RAMDISK: [mem 0x1dc32000-0x1eef2fff]
[    0.000000] ACPI: Early table checksum verification disabled
[    0.000000] ACPI: RSDP 0x00000000000E0000 000024 (v02 VBOX  )
[    0.000000] ACPI: XSDT 0x000000001FFF0030 00003C (v01 VBOX   VBOXXSDT 00000001 ASL  00000061)
[    0.000000] ACPI: FACP 0x000000001FFF00F0 0000F4 (v04 VBOX   VBOXFACP 00000001 ASL  00000061)
[    0.000000] ACPI: DSDT 0x000000001FFF0470 0022EA (v02 VBOX   VBOXBIOS 00000002 INTL 20100528)
[    0.000000] ACPI: FACS 0x000000001FFF0200 000040
[    0.000000] ACPI: FACS 0x000000001FFF0200 000040
[    0.000000] ACPI: APIC 0x000000001FFF0240 00005C (v02 VBOX   VBOXAPIC 00000001 ASL  00000061)
[    0.000000] ACPI: SSDT 0x000000001FFF02A0 0001CC (v01 VBOX   VBOXCPUT 00000002 INTL 20100528)
[    0.000000] No NUMA configuration found
[    0.000000] Faking a node at [mem 0x0000000000000000-0x000000001ffeffff]
[    0.000000] NODE_DATA(0) allocated [mem 0x1ffc5000-0x1ffeffff]
[    0.000000] kvm-clock: cpu 0, msr 0:1ff44001, primary cpu clock
[    0.000000] kvm-clock: Using msrs 4b564d01 and 4b564d00
[    0.000000] kvm-clock: using sched offset of 5629511020 cycles
[    0.000000] clocksource: kvm-clock: mask: 0xffffffffffffffff max_cycles: 0x1cd42e4dffb, max_idle_ns: 881590591483 ns
[    0.000000] Zone ranges:
[    0.000000]   DMA      [mem 0x0000000000001000-0x0000000000ffffff]
[    0.000000]   DMA32    [mem 0x0000000001000000-0x000000001ffeffff]
[    0.000000]   Normal   empty
[    0.000000]   Device   empty
[    0.000000] Movable zone start for each node
[    0.000000] Early memory node ranges
[    0.000000]   node   0: [mem 0x0000000000001000-0x000000000009efff]
[    0.000000]   node   0: [mem 0x0000000000100000-0x000000001ffeffff]
[    0.000000] Reserved but unavailable: 98 pages
[    0.000000] Initmem setup node 0 [mem 0x0000000000001000-0x000000001ffeffff]
[    0.000000] ACPI: PM-Timer IO Port: 0x4008
[    0.000000] IOAPIC[0]: apic_id 2, version 32, address 0xfec00000, GSI 0-23
[    0.000000] ACPI: INT_SRC_OVR (bus 0 bus_irq 0 global_irq 2 dfl dfl)
[    0.000000] ACPI: INT_SRC_OVR (bus 0 bus_irq 9 global_irq 9 low level)
[    0.000000] Using ACPI (MADT) for SMP configuration information
[    0.000000] smpboot: Allowing 2 CPUs, 0 hotplug CPUs
[    0.000000] PM: Registered nosave memory: [mem 0x00000000-0x00000fff]
[    0.000000] PM: Registered nosave memory: [mem 0x0009f000-0x0009ffff]
[    0.000000] PM: Registered nosave memory: [mem 0x000a0000-0x000effff]
[    0.000000] PM: Registered nosave memory: [mem 0x000f0000-0x000fffff]
[    0.000000] e820: [mem 0x20000000-0xfebfffff] available for PCI devices
[    0.000000] Booting paravirtualized kernel on KVM
[    0.000000] clocksource: refined-jiffies: mask: 0xffffffff max_cycles: 0xffffffff, max_idle_ns: 7645519600211568 ns
[    0.000000] random: get_random_bytes called from start_kernel+0x99/0x4fd with crng_init=0
[    0.000000] setup_percpu: NR_CPUS:8192 nr_cpumask_bits:2 nr_cpu_ids:2 nr_node_ids:1
[    0.000000] percpu: Embedded 45 pages/cpu s147456 r8192 d28672 u1048576
[    0.000000] PV qspinlock hash table entries: 256 (order: 0, 4096 bytes)
[    0.000000] Built 1 zonelists, mobility grouping on.  Total pages: 128889
[    0.000000] Policy zone: DMA32
[    0.000000] Kernel command line: BOOT_IMAGE=/boot/vmlinuz-4.15.0-72-generic root=LABEL=cloudimg-rootfs ro console=tty1 console=ttyS0
[    0.000000] Memory: 467296K/523832K available (12300K kernel code, 2481K rwdata, 4264K rodata, 2428K init, 2388K bss, 56536K reserved, 0K cma-reserved)
[    0.000000] SLUB: HWalign=64, Order=0-3, MinObjects=0, CPUs=2, Nodes=1
[    0.000000] Kernel/User page tables isolation: enabled
[    0.000000] ftrace: allocating 39318 entries in 154 pages
[    0.004000] Hierarchical RCU implementation.
[    0.004000] 	RCU restricting CPUs from NR_CPUS=8192 to nr_cpu_ids=2.
[    0.004000] 	Tasks RCU enabled.
[    0.004000] RCU: Adjusting geometry for rcu_fanout_leaf=16, nr_cpu_ids=2
[    0.004000] NR_IRQS: 524544, nr_irqs: 440, preallocated irqs: 16
[    0.004000] Console: colour VGA+ 80x25
[    0.004000] console [tty1] enabled
[    0.004000] console [ttyS0] enabled
[    0.004000] ACPI: Core revision 20170831
[    0.004000] ACPI: 2 ACPI AML tables successfully acquired and loaded
[    0.004000] APIC: Switch to symmetric I/O mode setup
[    0.004000] x2apic enabled
[    0.004012] Switched APIC routing to physical x2apic.
[    0.008000] ..TIMER: vector=0x30 apic1=0 pin1=2 apic2=-1 pin2=-1
[    0.008005] tsc: Detected 2394.560 MHz processor
[    0.012019] Calibrating delay loop (skipped) preset value.. 4789.12 BogoMIPS (lpj=9578240)
[    0.016005] pid_max: default: 32768 minimum: 301
[    0.018240] Security Framework initialized
[    0.020008] Yama: becoming mindful.
[    0.024062] AppArmor: AppArmor initialized
[    0.026357] Dentry cache hash table entries: 65536 (order: 7, 524288 bytes)
[    0.028079] Inode-cache hash table entries: 32768 (order: 6, 262144 bytes)
[    0.032025] Mount-cache hash table entries: 1024 (order: 1, 8192 bytes)
[    0.036009] Mountpoint-cache hash table entries: 1024 (order: 1, 8192 bytes)
[    0.040561] Last level iTLB entries: 4KB 512, 2MB 8, 4MB 8
[    0.044006] Last level dTLB entries: 4KB 512, 2MB 32, 4MB 32, 1GB 0
[    0.046745] Spectre V1 : Mitigation: usercopy/swapgs barriers and __user pointer sanitization
[    0.048006] Spectre V2 : Mitigation: Full generic retpoline
[    0.052004] Spectre V2 : Spectre v2 / SpectreRSB mitigation: Filling RSB on context switch
[    0.056005] Speculative Store Bypass: Vulnerable
[    0.058310] MDS: Mitigation: Clear CPU buffers
[    0.060543] Freeing SMP alternatives memory: 36K
[    0.176458] smpboot: CPU0: Intel(R) Core(TM) i3-3110M CPU @ 2.40GHz (family: 0x6, model: 0x3a, stepping: 0x9)
[    0.180180] Performance Events: unsupported p6 CPU model 58 no PMU driver, software events only.
[    0.184090] Hierarchical SRCU implementation.
[    0.188129] NMI watchdog: Perf event create on CPU 0 failed with -2
[    0.191299] NMI watchdog: Perf NMI watchdog permanently disabled
[    0.192108] smp: Bringing up secondary CPUs ...
[    0.196219] x86: Booting SMP configuration:
[    0.198167] .... node  #0, CPUs:      #1
[    0.004000] kvm-clock: cpu 1, msr 0:1ff44041, secondary cpu clock
[    0.207178] smp: Brought up 1 node, 2 CPUs
[    0.208009] smpboot: Max logical packages: 1
[    0.210052] smpboot: Total of 2 processors activated (9578.24 BogoMIPS)
[    0.212272] devtmpfs: initialized
[    0.216149] x86/mm: Memory block size: 128MB
[    0.220440] evm: security.selinux
[    0.222163] evm: security.SMACK64
[    0.224009] evm: security.SMACK64EXEC
[    0.226052] evm: security.SMACK64TRANSMUTE
[    0.228006] evm: security.SMACK64MMAP
[    0.229825] evm: security.apparmor
[    0.232015] evm: security.ima
[    0.233612] evm: security.capability
[    0.236300] clocksource: jiffies: mask: 0xffffffff max_cycles: 0xffffffff, max_idle_ns: 7645041785100000 ns
[    0.240019] futex hash table entries: 512 (order: 3, 32768 bytes)
[    0.242973] pinctrl core: initialized pinctrl subsystem
[    0.244259] RTC time: 11:27:34, date: 01/07/20
[    0.248399] NET: Registered protocol family 16
[    0.250791] audit: initializing netlink subsys (disabled)
[    0.252049] audit: type=2000 audit(1578396461.203:1): state=initialized audit_enabled=0 res=1
[    0.256015] cpuidle: using governor ladder
[    0.260015] cpuidle: using governor menu
[    0.262031] ACPI: bus type PCI registered
[    0.264006] acpiphp: ACPI Hot Plug PCI Controller Driver version: 0.5
[    0.267049] PCI: Using configuration type 1 for base access
[    0.274434] HugeTLB registered 2.00 MiB page size, pre-allocated 0 pages
[    0.276216] ACPI: Added _OSI(Module Device)
[    0.280016] ACPI: Added _OSI(Processor Device)
[    0.282055] ACPI: Added _OSI(3.0 _SCP Extensions)
[    0.284010] ACPI: Added _OSI(Processor Aggregator Device)
[    0.288006] ACPI: Added _OSI(Linux-Dell-Video)
[    0.290075] ACPI: Added _OSI(Linux-Lenovo-NV-HDMI-Audio)
[    0.292007] ACPI: Added _OSI(Linux-HPI-Hybrid-Graphics)
[    0.295306] ACPI: Executed 1 blocks of module-level executable AML code
[    0.316723] ACPI: Interpreter enabled
[    0.318613] ACPI: (supports S0 S5)
[    0.320005] ACPI: Using IOAPIC for interrupt routing
[    0.323602] PCI: Using host bridge windows from ACPI; if necessary, use "pci=nocrs" and report a bug
[    0.324607] ACPI: Enabled 2 GPEs in block 00 to 07
[    0.358344] ACPI: PCI Root Bridge [PCI0] (domain 0000 [bus 00-ff])
[    0.360018] acpi PNP0A03:00: _OSC: OS supports [ASPM ClockPM Segments MSI]
[    0.366517] acpi PNP0A03:00: _OSC: not requesting OS control; OS requires [ExtendedConfig ASPM ClockPM MSI]
[    0.368039] acpi PNP0A03:00: fail to add MMCONFIG information, can't access extended PCI configuration space under this bridge.
[    0.373115] PCI host bridge to bus 0000:00
[    0.376009] pci_bus 0000:00: root bus resource [io  0x0000-0x0cf7 window]
[    0.379115] pci_bus 0000:00: root bus resource [io  0x0d00-0xffff window]
[    0.380008] pci_bus 0000:00: root bus resource [mem 0x000a0000-0x000bffff window]
[    0.383747] pci_bus 0000:00: root bus resource [mem 0x20000000-0xfdffffff window]
[    0.384010] pci_bus 0000:00: root bus resource [bus 00-ff]
[    0.395314] pci 0000:00:01.1: legacy IDE quirk: reg 0x10: [io  0x01f0-0x01f7]
[    0.396016] pci 0000:00:01.1: legacy IDE quirk: reg 0x14: [io  0x03f6]
[    0.400007] pci 0000:00:01.1: legacy IDE quirk: reg 0x18: [io  0x0170-0x0177]
[    0.404008] pci 0000:00:01.1: legacy IDE quirk: reg 0x1c: [io  0x0376]
[    0.437327] pci 0000:00:07.0: quirk: [io  0x4000-0x403f] claimed by PIIX4 ACPI
[    0.440034] pci 0000:00:07.0: quirk: [io  0x4100-0x410f] claimed by PIIX4 SMB
[    0.462961] ACPI: PCI Interrupt Link [LNKA] (IRQs 5 9 10 *11)
[    0.465392] ACPI: PCI Interrupt Link [LNKB] (IRQs 5 9 *10 11)
[    0.468415] ACPI: PCI Interrupt Link [LNKC] (IRQs 5 *9 10 11)
[    0.472448] ACPI: PCI Interrupt Link [LNKD] (IRQs 5 9 10 *11)
[    0.477133] SCSI subsystem initialized
[    0.480187] pci 0000:00:02.0: vgaarb: setting as boot VGA device
[    0.483002] pci 0000:00:02.0: vgaarb: VGA device added: decodes=io+mem,owns=io+mem,locks=none
[    0.484010] pci 0000:00:02.0: vgaarb: bridge control possible
[    0.488005] vgaarb: loaded
[    0.489592] ACPI: bus type USB registered
[    0.492054] usbcore: registered new interface driver usbfs
[    0.492054] usbcore: registered new interface driver hub
[    0.496005] usbcore: registered new device driver usb
[    0.500113] EDAC MC: Ver: 3.0.0
[    0.504107] PCI: Using ACPI for IRQ routing
[    0.506117] NetLabel: Initializing
[    0.508005] NetLabel:  domain hash size = 128
[    0.508005] NetLabel:  protocols = UNLABELED CIPSOv4 CALIPSO
[    0.512039] NetLabel:  unlabeled traffic allowed by default
[    0.516255] clocksource: Switched to clocksource kvm-clock
[    0.565559] VFS: Disk quotas dquot_6.6.0
[    0.567690] VFS: Dquot-cache hash table entries: 512 (order 0, 4096 bytes)
[    0.572096] AppArmor: AppArmor Filesystem Enabled
[    0.574450] pnp: PnP ACPI init
[    0.579725] pnp: PnP ACPI: found 3 devices
[    0.590044] clocksource: acpi_pm: mask: 0xffffff max_cycles: 0xffffff, max_idle_ns: 2085701024 ns
[    0.594477] NET: Registered protocol family 2
[    0.597632] TCP established hash table entries: 4096 (order: 3, 32768 bytes)
[    0.601225] TCP bind hash table entries: 4096 (order: 4, 65536 bytes)
[    0.604374] TCP: Hash tables configured (established 4096 bind 4096)
[    0.607577] UDP hash table entries: 256 (order: 1, 8192 bytes)
[    0.610569] UDP-Lite hash table entries: 256 (order: 1, 8192 bytes)
[    0.613621] NET: Registered protocol family 1
[    0.615792] pci 0000:00:00.0: Limiting direct PCI/PCI transfers
[    0.618673] pci 0000:00:01.0: Activating ISA DMA hang workarounds
[    0.622342] pci 0000:00:02.0: Video device with shadowed ROM at [mem 0x000c0000-0x000dffff]
[    0.626945] Unpacking initramfs...
[    1.480264] Freeing initrd memory: 19204K
[    1.482578] clocksource: tsc: mask: 0xffffffffffffffff max_cycles: 0x2284248580e, max_idle_ns: 440795288736 ns
[    1.487571] platform rtc_cmos: registered platform RTC device (no PNP device found)
[    1.491383] Scanning for low memory corruption every 60 seconds
[    1.495174] Initialise system trusted keyrings
[    1.497315] Key type blacklist registered
[    1.499302] workingset: timestamp_bits=36 max_order=17 bucket_order=0
[    1.506106] zbud: loaded
[    1.508216] squashfs: version 4.0 (2009/01/31) Phillip Lougher
[    1.511265] fuse init (API version 7.26)
[    1.518986] Key type asymmetric registered
[    1.521017] Asymmetric key parser 'x509' registered
[    1.523392] Block layer SCSI generic (bsg) driver version 0.4 loaded (major 246)
[    1.527068] io scheduler noop registered
[    1.529019] io scheduler deadline registered
[    1.531064] io scheduler cfq registered (default)
[    1.534912] ACPI: AC Adapter [AC] (on-line)
[    1.537296] input: Power Button as /devices/LNXSYSTM:00/LNXPWRBN:00/input/input0
[    1.540904] ACPI: Power Button [PWRF]
[    1.542837] input: Sleep Button as /devices/LNXSYSTM:00/LNXSLPBN:00/input/input1
[    1.546437] ACPI: Sleep Button [SLPF]
[    1.551978] ACPI: Battery Slot [BAT0] (battery present)
[    1.554436] Serial: 8250/16550 driver, 32 ports, IRQ sharing enabled
[    1.579282] 00:02: ttyS0 at I/O 0x3f8 (irq = 4, base_baud = 115200) is a 16550A
[    1.588218] Linux agpgart interface v0.103
[    1.592914] loop: module loaded
[    1.596177] scsi host0: ata_piix
[    1.598626] scsi host1: ata_piix
[    1.600314] ata1: PATA max UDMA/33 cmd 0x1f0 ctl 0x3f6 bmdma 0xd000 irq 14
[    1.603438] ata2: PATA max UDMA/33 cmd 0x170 ctl 0x376 bmdma 0xd008 irq 15
[    1.607303] libphy: Fixed MDIO Bus: probed
[    1.609529] tun: Universal TUN/TAP device driver, 1.6
[    1.611942] PPP generic driver version 2.4.2
[    1.614063] ehci_hcd: USB 2.0 'Enhanced' Host Controller (EHCI) Driver
[    1.616932] ehci-pci: EHCI PCI platform driver
[    1.619081] ehci-platform: EHCI generic platform driver
[    1.621735] ohci_hcd: USB 1.1 'Open' Host Controller (OHCI) Driver
[    1.624782] ohci-pci: OHCI PCI platform driver
[    1.627079] ohci-platform: OHCI generic platform driver
[    1.629861] uhci_hcd: USB Universal Host Controller Interface driver
[    1.632994] i8042: PNP: PS/2 Controller [PNP0303:PS2K,PNP0f03:PS2M] at 0x60,0x64 irq 1,12
[    1.639529] serio: i8042 KBD port at 0x60,0x64 irq 1
[    1.642310] serio: i8042 AUX port at 0x60,0x64 irq 12
[    1.644905] mousedev: PS/2 mouse device common for all mice
[    1.647997] input: AT Translated Set 2 keyboard as /devices/platform/i8042/serio0/input/input2
[    1.652743] rtc_cmos rtc_cmos: rtc core: registered rtc_cmos as rtc0
[    1.655671] rtc_cmos rtc_cmos: alarms up to one day, 114 bytes nvram
[    1.658913] i2c /dev entries driver
[    1.660882] device-mapper: uevent: version 1.0.3
[    1.663449] device-mapper: ioctl: 4.37.0-ioctl (2017-09-20) initialised: dm-devel@redhat.com
[    1.667765] ledtrig-cpu: registered to indicate activity on CPUs
[    1.671831] NET: Registered protocol family 10
[    1.682349] Segment Routing with IPv6
[    1.684439] NET: Registered protocol family 17
[    1.687250] Key type dns_resolver registered
[    1.689904] mce: Using 0 MCE banks
[    1.691573] RAS: Correctable Errors collector initialized.
[    1.694142] sched_clock: Marking stable (1694096255, 0)->(2166912490, -472816235)
[    1.698521] registered taskstats version 1
[    1.700459] Loading compiled-in X.509 certificates
[    1.708266] Loaded X.509 cert 'Build time autogenerated kernel key: f4f7241365689b0cbe3898188e65e316fd8f978d'
[    1.712844] zswap: loaded using pool lzo/zbud
[    1.723261] Key type big_key registered
[    1.725454] Key type trusted registered
[    1.735597] Key type encrypted registered
[    1.738203] AppArmor: AppArmor sha1 policy hashing enabled
[    1.740944] ima: No TPM chip found, activating TPM-bypass! (rc=-19)
[    1.743793] ima: Allocated hash algorithm: sha1
[    1.746171] evm: HMAC attrs: 0x1
[    1.748411]   Magic number: 4:585:478
[    1.750277] rtc rtc0: hash matches
[    1.752302] rtc_cmos rtc_cmos: setting system clock to 2020-01-07 11:27:35 UTC (1578396455)
[    1.756470] BIOS EDD facility v0.16 2004-Jun-25, 0 devices found
[    1.759259] EDD information not available.
[    1.778012] Freeing unused kernel image memory: 2428K
[    1.816589] Write protecting the kernel read-only data: 20480k
[    1.821329] Freeing unused kernel image memory: 2008K
[    1.824845] Freeing unused kernel image memory: 1880K
[    1.872971] x86/mm: Checked W+X mappings: passed, no W+X pages found.
[    1.877195] x86/mm: Checking user space page tables
[    1.928070] x86/mm: Checked W+X mappings: passed, no W+X pages found.
Loading, please wait...
starting version 237
[    2.115270] e1000: Intel(R) PRO/1000 Network Driver - version 7.3.21-k8-NAPI
[    2.119666] e1000: Copyright (c) 1999-2006 Intel Corporation.
[    2.123239] Fusion MPT base driver 3.04.20
[    2.125816] Copyright (c) 1999-2008 LSI Corporation
[    2.206125] Fusion MPT SPI Host driver 3.04.20
[    2.373898] input: ImExPS/2 Generic Explorer Mouse as /devices/platform/i8042/serio1/input/input4
[    2.707279] e1000 0000:00:03.0 eth0: (PCI:33MHz:32-bit) 02:b7:1f:33:e9:24
[    2.710616] e1000 0000:00:03.0 eth0: Intel(R) PRO/1000 Network Connection
[    3.254058] e1000 0000:00:08.0 eth1: (PCI:33MHz:32-bit) 08:00:27:5d:f3:dc
[    3.257198] e1000 0000:00:08.0 eth1: Intel(R) PRO/1000 Network Connection
[    3.265022] e1000 0000:00:03.0 enp0s3: renamed from eth0
[    3.270470] mptbase: ioc0: Initiating bringup
[    3.280656] e1000 0000:00:08.0 enp0s8: renamed from eth1
[    3.602200] ioc0: LSI53C1030 A0: Capabilities={Initiator}
[    4.710745] scsi host2: ioc0: LSI53C1030 A0, FwRev=00000000h, Ports=1, MaxQ=256, IRQ=20
[    5.305866] scsi 2:0:0:0: Direct-Access     VBOX     HARDDISK         1.0  PQ: 0 ANSI: 5
[    5.347953] scsi target2:0:0: Beginning Domain Validation
[    5.353358] scsi target2:0:0: Domain Validation skipping write tests
[    5.356891] scsi target2:0:0: Ending Domain Validation
[    5.360110] scsi target2:0:0: asynchronous
[    5.363510] scsi 2:0:1:0: Direct-Access     VBOX     HARDDISK         1.0  PQ: 0 ANSI: 5
[    5.892834] scsi target2:0:1: Beginning Domain Validation
[    5.900142] random: fast init done
[    5.906575] scsi target2:0:1: Domain Validation skipping write tests
[    5.912807] scsi target2:0:1: Ending Domain Validation
[    5.915830] scsi target2:0:1: asynchronous
[    5.931202] random: systemd-udevd: uninitialized urandom read (16 bytes read)
[    5.935539] random: systemd-udevd: uninitialized urandom read (16 bytes read)
[    5.940016] sd 2:0:0:0: Attached scsi generic sg0 type 0
[    5.940040] random: systemd-udevd: uninitialized urandom read (16 bytes read)
[    5.945499] sd 2:0:1:0: [sdb] 20480 512-byte logical blocks: (10.5 MB/10.0 MiB)
[    5.954482] sd 2:0:1:0: Attached scsi generic sg1 type 0
[    5.954576] sd 2:0:1:0: [sdb] Write Protect is off
[    5.957562] sd 2:0:0:0: [sda] 20971520 512-byte logical blocks: (10.7 GB/10.0 GiB)
[    5.957792] sd 2:0:0:0: [sda] Write Protect is off
[    5.971037] sd 2:0:1:0: [sdb] Incomplete mode parameter data
[    5.971091] sd 2:0:0:0: [sda] Incomplete mode parameter data
[    5.974718] sd 2:0:1:0: [sdb] Assuming drive cache: write through
[    5.978268] sd 2:0:0:0: [sda] Assuming drive cache: write through
[    5.989814] sd 2:0:1:0: [sdb] Attached SCSI disk
[    5.994572]  sda: sda1
[    5.997757] sd 2:0:0:0: [sda] Attached SCSI disk
Begin: Loading essential drivers ... [    8.600483] raid6: sse2x1   gen()  1965 MB/s
[    8.648380] raid6: sse2x1   xor()  1231 MB/s
[    8.696177] raid6: sse2x2   gen()  3170 MB/s
[    8.744062] raid6: sse2x2   xor()  1776 MB/s
[    8.792041] raid6: sse2x4   gen()  4857 MB/s
[    8.840119] raid6: sse2x4   xor()  2860 MB/s
[    8.842307] raid6: using algorithm sse2x4 gen() 4857 MB/s
[    8.844863] raid6: .... xor() 2860 MB/s, rmw enabled
[    8.847349] raid6: using ssse3x2 recovery algorithm
[    8.852548] xor: automatically using best checksumming function   avx       
[    8.858837] async_tx: api initialized (async)
done.
Begin: Running /scripts/init-premount ... done.
Begin: Mounting root file system ... Begin: Running /scripts/local-top ... done.
Begin: Running /scripts/local-premount ... [    8.988235] Btrfs loaded, crc32c=crc32c-intel
Scanning for Btrfs filesystems
done.
Warning: fsck not present, so skipping root file system
[    9.058584] EXT4-fs (sda1): mounted filesystem with ordered data mode. Opts: (null)
done.
Begin: Running /scripts/local-bottom ... done.
Begin: Running /scripts/init-bottom ... done.
[    9.490283] ip_tables: (C) 2000-2006 Netfilter Core Team
[    9.517311] systemd[1]: systemd 237 running in system mode. (+PAM +AUDIT +SELINUX +IMA +APPARMOR +SMACK +SYSVINIT +UTMP +LIBCRYPTSETUP +GCRYPT +GNUTLS +ACL +XZ +LZ4 +SECCOMP +BLKID +ELFUTILS +KMOD -IDN2 +IDN -PCRE2 default-hierarchy=hybrid)
[    9.527629] systemd[1]: Detected virtualization oracle.
[    9.530776] systemd[1]: Detected architecture x86-64.

Welcome to [1mUbuntu 18.04.3 LTS[0m!

[    9.550520] systemd[1]: Set hostname to <ubuntu>.
[    9.563133] systemd[1]: Initializing machine ID from random generator.
[    9.566271] systemd[1]: Installed transient /etc/machine-id file.
[   10.101438] systemd[1]: Reached target Swap.
[[0;32m  OK  [0m] Reached target Swap.
[   10.104892] systemd[1]: Started Forward Password Requests to Wall Directory Watch.
[[0;32m  OK  [0m] Started Forward Password Requests to Wall Directory Watch.
[   10.111087] systemd[1]: Reached target System Time Synchronized.
[[0;32m  OK  [0m] Reached target System Time Synchronized.
[   10.118882] systemd[1]: Created slice System Slice.
[[0;32m  OK  [0m] Created slice System Slice.
[[0;32m  OK  [0m] Listening on LVM2 poll daemon socket.
[[0;32m  OK  [0m] Created slice system-serial\x2dgetty.slice.
[[0;32m  OK  [0m] Listening on udev Kernel Socket.
[[0;32m  OK  [0m] Listening on Journal Socket (/dev/log).
[[0;32m  OK  [0m] Listening on Journal Audit Socket.
[[0;32m  OK  [0m] Listening on LVM2 metadata daemon socket.
[[0;32m  OK  [0m] Created slice User and Session Slice.
[[0;32m  OK  [0m] Listening on udev Control Socket.
[[0;32m  OK  [0m] Reached target Slices.
[[0;32m  OK  [0m] Listening on Network Service Netlink Socket.
[[0;32m  OK  [0m] Listening on /dev/initctl Compatibility Named Pipe.
[[0;32m  OK  [0m] Listening on Syslog Socket.
[[0;32m  OK  [0m] Set up automount Arbitrary Executab…rmats File System Automount Point.
[[0;32m  OK  [0m] Listening on Journal Socket.
         Mounting Huge Pages File System...
         Mounting POSIX Message Queue File System...
         Starting Journal Service...
         Mounting Kernel Debug File System...
         Starting Load Kernel Modules...
         Starting Uncomplicated firewall...
         Starting Create list of required st…ce nodes for the current kernel...
         Starting Remount Root and Kernel File Systems...
         Starting Set the console keyboard layout...
[[0;32m  OK  [0m] Listening on Device-mapper event daemon FIFOs.
         Starting Monitoring of LVM2 mirrors…ng dmeventd or progress polling...
         Starting udev Coldplug all Devices...
[[0;32m  OK  [0m] Reached target User and Group Name Lookups.
[[0;32m  OK  [0m] Mounted Huge Pages File System.
[[0;32m  OK  [0m] Mounted POSIX Message Queue File System.
[[0;32m  OK  [0m] Mounted Kernel Debug File System.
[[0;32m  OK  [0m] Started Uncomplicated firewall.
[[0;32m  OK  [0m] Started Create list of required sta…vice nodes for the current kernel.
         Starting Create Static Device Nodes in /dev...
[   10.293916] Loading iSCSI transport class v2.0-870.
[[0;32m  OK  [0m] Started LVM2 metadata daemon.
[   10.368724] EXT4-fs (sda1): re-mounted. Opts: (null)
[[0;32m  OK  [0m] Started Remount Root and Kernel File Systems.
         Starting Load/Save Random Seed...
[[0;32m  OK  [0m] Started Create Static Device Nodes in /dev.
         Starting udev Kernel Device Manager...
[   10.490413] iscsi: registered transport (tcp)
[[0;32m  OK  [0m] Started Load/Save Random Seed.
[[0;32m  OK  [0m] Started Journal Service.
         Starting Flush Journal to Persistent Storage...
[[0;32m  OK  [0m] Started Monitoring of LVM2 mirrors,…sing dmeventd or progress polling.
[[0;32m  OK  [0m] Started udev Kernel Device Manager.
[[0;32m  OK  [0m] Started udev Coldplug all Devices.
[   10.641672] systemd-journald[365]: Received request to flush runtime journal from PID 1
[   10.678922] iscsi: registered transport (iser)
[[0;32m  OK  [0m] Started Load Kernel Modules.
         Mounting Kernel Configuration File System...
         Mounting FUSE Control File System...
         Starting Apply Kernel Variables...
[[0;32m  OK  [0m] Mounted Kernel Configuration File System.
[[0;32m  OK  [0m] Started Flush Journal to Persistent Storage.
[[0;32m  OK  [0m] Mounted FUSE Control File System.
[[0;32m  OK  [0m] Started Apply Kernel Variables.
[[0;32m  OK  [0m] Started Set the console keyboard layout.
[[0;32m  OK  [0m] Reached target Local File Systems (Pre).
[[0;32m  OK  [0m] Reached target Local File Systems.
         Starting ebtables ruleset management...
         Starting Set console font and keymap...
         Starting AppArmor initialization...
         Starting Create Volatile Files and Directories...
         Starting Commit a transient machine-id on disk...
         Starting Tell Plymouth To Write Out Runtime Data...
[[0;32m  OK  [0m] Started Dispatch Password Requests to Console Directory Watch.
[[0;32m  OK  [0m] Reached target Local Encrypted Volumes.
[[0;32m  OK  [0m] Started Set console font and keymap.
[[0;32m  OK  [0m] Started Tell Plymouth To Write Out Runtime Data.
[[0;32m  OK  [0m] Started Create Volatile Files and Directories.
         Starting Update UTMP about System Boot/Shutdown...
[[0;32m  OK  [0m] Started Commit a transient machine-id on disk.
[[0;32m  OK  [0m] Started Update UTMP about System Boot/Shutdown.
[[0;32m  OK  [0m] Started ebtables ruleset management.
[[0;32m  OK  [0m] Found device /dev/ttyS0.
[[0;32m  OK  [0m] Listening on Load/Save RF Kill Switch Status /dev/rfkill Watch.
[[0;32m  OK  [0m] Started AppArmor initialization.
         Starting Initial cloud-init job (pre-networking)...
[   17.643345] cloud-init[523]: Cloud-init v. 19.3-41-gc4735dd3-0ubuntu1~18.04.1 running 'init-local' at Tue, 07 Jan 2020 11:27:50 +0000. Up 16.71 seconds.
[[0;32m  OK  [0m] Started Initial cloud-init job (pre-networking).
[[0;32m  OK  [0m] Reached target Network (Pre).
         Starting Network Service...
[[0;32m  OK  [0m] Started Network Service.
         Starting Wait for Network to be Configured...
         Starting Network Name Resolution...
[[0;32m  OK  [0m] Started Network Name Resolution.
[[0;32m  OK  [0m] Reached target Host and Network Name Lookups.
[[0;32m  OK  [0m] Reached target Network.
[[0;32m  OK  [0m] Started Wait for Network to be Configured.
         Starting Initial cloud-init job (metadata service crawler)...
[   20.902009] cloud-init[646]: Cloud-init v. 19.3-41-gc4735dd3-0ubuntu1~18.04.1 running 'init' at Tue, 07 Jan 2020 11:27:54 +0000. Up 20.44 seconds.
[   20.906248] cloud-init[646]: ci-info: ++++++++++++++++++++++++++++++++++++++Net device info+++++++++++++++++++++++++++++++++++++++
[   20.909550] cloud-init[646]: ci-info: +--------+-------+----------------------------+---------------+--------+-------------------+
[   20.913190] cloud-init[646]: ci-info: | Device |   Up  |          Address           |      Mask     | Scope  |     Hw-Address    |
[   20.917220] cloud-init[646]: ci-info: +--------+-------+----------------------------+---------------+--------+-------------------+
[   20.922903] cloud-init[646]: ci-info: | enp0s3 |  True |         10.0.2.15          | 255.255.255.0 | global | 02:b7:1f:33:e9:24 |
[   20.926667] cloud-init[646]: ci-info: | enp0s3 |  True | fe80::b7:1fff:fe33:e924/64 |       .       |  link  | 02:b7:1f:33:e9:24 |
[   20.930524] cloud-init[646]: ci-info: | enp0s8 | False |             .              |       .       |   .    | 08:00:27:5d:f3:dc |
[   20.935467] cloud-init[646]: ci-info: |   lo   |  True |         127.0.0.1          |   255.0.0.0   |  host  |         .         |
[   20.939543] cloud-init[646]: ci-info: |   lo   |  True |          ::1/128           |       .       |  host  |         .         |
[   20.943892] cloud-init[646]: ci-info: +--------+-------+----------------------------+---------------+--------+-------------------+
[   20.947776] cloud-init[646]: ci-info: ++++++++++++++++++++++++++++Route IPv4 info+++++++++++++++++++++++++++++
[   20.951439] cloud-init[646]: ci-info: +-------+-------------+----------+-----------------+-----------+-------+
[   20.954867] cloud-init[646]: ci-info: | Route | Destination | Gateway  |     Genmask     | Interface | Flags |
[   20.958414] cloud-init[646]: ci-info: +-------+-------------+----------+-----------------+-----------+-------+
[   20.961832] cloud-init[646]: ci-info: |   0   |   0.0.0.0   | 10.0.2.2 |     0.0.0.0     |   enp0s3  |   UG  |
[   20.965285] cloud-init[646]: ci-info: |   1   |   10.0.2.0  | 0.0.0.0  |  255.255.255.0  |   enp0s3  |   U   |
[   20.968598] cloud-init[646]: ci-info: |   2   |   10.0.2.2  | 0.0.0.0  | 255.255.255.255 |   enp0s3  |   UH  |
[   20.972636] cloud-init[646]: ci-info: +-------+-------------+----------+-----------------+-----------+-------+
[   20.984342] cloud-init[646]: ci-info: +++++++++++++++++++Route IPv6 info+++++++++++++++++++
[   20.987335] cloud-init[646]: ci-info: +-------+-------------+---------+-----------+-------+
[   20.990234] cloud-init[646]: ci-info: | Route | Destination | Gateway | Interface | Flags |
[   20.993339] cloud-init[646]: ci-info: +-------+-------------+---------+-----------+-------+
[   20.996146] cloud-init[646]: ci-info: |   1   |  fe80::/64  |    ::   |   enp0s3  |   U   |
[   20.999129] cloud-init[646]: ci-info: |   3   |    local    |    ::   |   enp0s3  |   U   |
[   21.001914] cloud-init[646]: ci-info: |   4   |   ff00::/8  |    ::   |   enp0s3  |   U   |
[   21.004864] cloud-init[646]: ci-info: +-------+-------------+---------+-----------+-------+
[   24.071539] cloud-init[646]: Generating public/private rsa key pair.
[   24.074642] cloud-init[646]: Your identification has been saved in /etc/ssh/ssh_host_rsa_key.
[   24.078933] cloud-init[646]: Your public key has been saved in /etc/ssh/ssh_host_rsa_key.pub.
[   24.082950] cloud-init[646]: The key fingerprint is:
[   24.085676] cloud-init[646]: SHA256:+6GIEpCChmBRCe26ARuUhC6cK2Ltkh3KSc4rQcE6yOg root@ubuntu-bionic
[   24.088808] cloud-init[646]: The key's randomart image is:
[   24.091396] cloud-init[646]: +---[RSA 2048]----+
[   24.093993] cloud-init[646]: |++*..            |
[   24.096702] cloud-init[646]: |o* o             |
[   24.098599] cloud-init[646]: |&.+              |
[   24.100682] cloud-init[646]: |#B .             |
[   24.102933] cloud-init[646]: |B=+     S        |
[   24.105551] cloud-init[646]: |=E.o     .       |
[   24.108049] cloud-init[646]: |O.O..   . .      |
[   24.110831] cloud-init[646]: |.X.o . . o .     |
[   24.113579] cloud-init[646]: |..o.. . . .      |
[   24.115511] cloud-init[646]: +----[SHA256]-----+
[   24.117883] cloud-init[646]: Generating public/private dsa key pair.
[   24.120442] cloud-init[646]: Your identification has been saved in /etc/ssh/ssh_host_dsa_key.
[   24.124420] cloud-init[646]: Your public key has been saved in /etc/ssh/ssh_host_dsa_key.pub.
[   24.128800] cloud-init[646]: The key fingerprint is:
[   24.131467] cloud-init[646]: SHA256:puz0orzMJSydcBmPjCUJ7Yh1xc5zpyA7wbiOsklFWWw root@ubuntu-bionic
[   24.135331] cloud-init[646]: The key's randomart image is:
[   24.138274] cloud-init[646]: +---[DSA 1024]----+
[   24.140747] cloud-init[646]: |..  .+.          |
[   24.143221] cloud-init[646]: | .o.+E.          |
[   24.145705] cloud-init[646]: |.+o*+o           |
[   24.148131] cloud-init[646]: |o +=+== . .      |
[   24.150629] cloud-init[646]: |  oo=+.+So       |
[   24.152950] cloud-init[646]: |  o=oo o.        |
[   24.155398] cloud-init[646]: | +. =.=          |
[   24.157858] cloud-init[646]: |+..= =..         |
[   24.160516] cloud-init[646]: |+.  *o...        |
[   24.162622] cloud-init[646]: +----[SHA256]-----+
[   24.164994] cloud-init[646]: Generating public/private ecdsa key pair.
[   24.168831] cloud-init[646]: Your identification has been saved in /etc/ssh/ssh_host_ecdsa_key.
[   24.173095] cloud-init[646]: Your public key has been saved in /etc/ssh/ssh_host_ecdsa_key.pub.
[   24.177175] cloud-init[646]: The key fingerprint is:
[   24.179601] cloud-init[646]: SHA256:WGLUiy40YMgjWby6LzMB0xKR9v5fs8UnX/VZoduSjWE root@ubuntu-bionic
[   24.183855] cloud-init[646]: The key's randomart image is:
[   24.186666] cloud-init[646]: +---[ECDSA 256]---+[[0;32m  OK  [0m] Started Initial cloud-init job (metadata service crawler).
[[0;32m  OK  [0m] Reached target Cloud-config availability.
[[0;32m  OK  [0m] Reached target System Initialization.
[[0;32m  OK  [0m] Listening on Open-iSCSI iscsid Socket.

[[0;32m  OK  [0m] Listening on ACPID Listen Socket.
         Starting Socket activation for snappy daemon.
[[0;32m  OK  [0m] Started Daily apt download activities.
[[0;32m  OK  [0m] Started Daily apt upgrade and clean activities.
[   24.205828] [[0;32m  OK  [0m] Listening on D-Bus System Message Bus Socket.
[[0;32m  OK  [0m] Started Message of the Day.
[[0;32m  OK  [0m] Started Discard unused blocks once a week.
cloud-init[646]: |oB.   ..         |
[   24.215162] cloud-init[646]: |*++  .  .        |         Starting LXD - unix socket.
[[0;32m  OK  [0m] Started Daily Cleanup of Temporary Directories.
[[0;32m  OK  [0m] Reached target Timers.
[
[   24.226039] cloud-init[646]: |o+oo  o...     . |
[0;32m  OK  [0m] Listening on UUID daemon activation socket.
[[0;32m  OK  [0m] Started ACPI Events Check.
[[0;32m  OK  [0m] Reached target Paths.
[[0;32m  OK  [0m] Reached target Network is Online.
[   24.238562] cloud-init         Starting Availability of block devices...
[[0;32m  OK  [0m] Reached target Remote File Systems (Pre).
[[0;32m  OK  [0m] Reached target Remote File Systems.
[[0;32m  OK  [0m] Listening on Socket activation for snappy daemon.
[[646]: |+ o.o..+.     . .|
[   24.246090] cloud-init[646]: |.+.. o. S    E  o|
[   24.247868] cloud-init[646]: |o  .. .   . . B =|
[   24.249662] cloud-init[0;32m  OK  [0m] Listening on LXD - unix socket.
[646]: | o  ..   o + * =.|
[[0;32m  OK  [0m] Reached target Sockets.
[   24.254666] [[0;32m  OK  [0m] Reached target Basic System.
cloud-init         Starting LSB: Record successful boot for GRUB...
[646]: |=    .  . + + o  |
[[0;32m  OK  [0m] Started D-Bus System Message Bus.
[   24.278658] cloud-init[646]: | =.   .. .   .   |
[   24.285367] cloud-init[646]: +----[SHA256]-----+
[   24.287534] cloud-init[646]: Generating public/private ed25519 key pair.
[   24.291848] cloud-init[646]: Your identification has been saved in /etc/ssh/ssh_host_ed25519_key.
[   24.298727] cloud-init[646]: Your public key has been saved in /etc/ssh/ssh_host_ed25519_key.pub.
[   24.301869] cloud-init[646]: The key fingerprint is:
[   24.304049] cloud-init[646]: SHA256:smK0yAAWp544JLEuqzA0vee2fwTf1EAb5Hj1NIqsh0g root@ubuntu-bionic
[   24.310001] cloud-init[646]: The key's randomart image is:
[   24.312537] cloud-init[646]: +--[ED25519 256]--+
[   24.316523] cloud-init[646]: |.. .      o+ . o |
[   24.319017] cloud-init[646]: | o+       +.= + .|
[   24.321945] cloud-init[646]: |++     E . *o. . |
[   24.324004] cloud-init[646]: |O o   ... +. .   |
[   24.326407] cloud-init[646]: |=* .. ..Soo.     |
[   24.329140] cloud-init[646]: |o=.o.. o o..     |
[   24.331150] cloud-init[646]: |+ o.+.. .        |
[   24.340315] cloud-init[646]: |o. .oo   .       |
[   24.343283] cloud-init[646]: |.   .oo..        |
[   24.348762] cloud-init[646]: +----[SHA256]-----+
[[0;32m  OK  [0m] Started Deferred execution scheduler.
         Starting Login Service...
         Starting System Logging Service...
         Starting Accounts Service...
[[0;32m  OK  [0m] Started Regular background program processing daemon.
[[0;32m  OK  [0m] Started FUSE filesystem for LXC.
         Starting Virtualbox guest utils...
         Starting Snappy daemon...
         Starting LSB: automatic crash report generation...
[[0;32m  OK  [0m] Started irqbalance daemon.
         Starting LXD - container startup/shutdown...
         Starting Permit User Sessions...
         Starting Pollinate to seed the pseudo random number generator...
         Starting Dispatcher daemon for systemd-networkd...
[[0;32m  OK  [0m] Started System Logging Service.
[[0;32m  OK  [0m] Started Availability of block devices.
[[0;32m  OK  [0m] Started Permit User Sessions.
[[0;32m  OK  [0m] Started Login Service.
[[0;32m  OK  [0m] Started Unattended Upgrades Shutdown.
         Starting Authorization Manager...
         Starting Terminate Plymouth Boot Screen...
         Starting Hold until boot process finishes up...
[[0;32m  OK  [0m] Started Hold until boot process finishes up.
         Starting Set console scheme...
[[0;32m  OK  [0m] Started Serial Getty on ttyS0.
[[0;32m  OK  [0m] Started Terminate Plymouth Boot Screen.
[[0;32m  OK  [0m] Started Set console scheme.
[[0;32m  OK  [0m] Created slice system-getty.slice.
[[0;32m  OK  [0m] Started Getty on tty1.
[[0;32m  OK  [0m] Reached target Login Prompts.
[[0;32m  OK  [0m] Started LSB: automatic crash report generation.
[[0;32m  OK  [0m] Started LSB: Record successful boot for GRUB.
[[0;32m  OK  [0m] Started Authorization Manager.
[[0;32m  OK  [0m] Started Accounts Service.
[[0;32m  OK  [0m] Started Virtualbox guest utils.
[[0;32m  OK  [0m] Started LXD - container startup/shutdown.
[[0;32m  OK  [0m] Started Dispatcher daemon for systemd-networkd.
[[0;32m  OK  [0m] Started Snappy daemon.
         Starting Wait until snapd is fully seeded...
[[0;32m  OK  [0m] Started Pollinate to seed the pseudo random number generator.
         Starting OpenBSD Secure Shell server...
[[0;32m  OK  [0m] Started OpenBSD Secure Shell server.
[[0;32m  OK  [0m] Created slice User Slice of vagrant.
         Starting User Manager for UID 1000...
[[0;32m  OK  [0m] Started Session 1 of user vagrant.
[[0;32m  OK  [0m] Started User Manager for UID 1000.
[[0;32m  OK  [0m] Started Wait until snapd is fully seeded.
         Starting Apply the settings specified in cloud-config...
[[0;32m  OK  [0m] Reached target Multi-User System.
[[0;32m  OK  [0m] Reached target Graphical Interface.
         Starting Update UTMP about System Runlevel Changes...
[[0;32m  OK  [0m] Started Update UTMP about System Runlevel Changes.

Ubuntu 18.04.3 LTS ubuntu-bionic ttyS0

ubuntu-bionic login: [   31.897567] cloud-init[1131]: Cloud-init v. 19.3-41-gc4735dd3-0ubuntu1~18.04.1 running 'modules:config' at Tue, 07 Jan 2020 11:28:03 +0000. Up 29.83 seconds.
ci-info: no authorized ssh keys fingerprints found for user ubuntu.
<14>Jan  7 11:28:07 ec2: 
<14>Jan  7 11:28:07 ec2: #############################################################
<14>Jan  7 11:28:07 ec2: -----BEGIN SSH HOST KEY FINGERPRINTS-----
<14>Jan  7 11:28:07 ec2: 1024 SHA256:puz0orzMJSydcBmPjCUJ7Yh1xc5zpyA7wbiOsklFWWw root@ubuntu-bionic (DSA)
<14>Jan  7 11:28:07 ec2: 256 SHA256:WGLUiy40YMgjWby6LzMB0xKR9v5fs8UnX/VZoduSjWE root@ubuntu-bionic (ECDSA)
<14>Jan  7 11:28:07 ec2: 256 SHA256:smK0yAAWp544JLEuqzA0vee2fwTf1EAb5Hj1NIqsh0g root@ubuntu-bionic (ED25519)
<14>Jan  7 11:28:07 ec2: 2048 SHA256:+6GIEpCChmBRCe26ARuUhC6cK2Ltkh3KSc4rQcE6yOg root@ubuntu-bionic (RSA)
<14>Jan  7 11:28:07 ec2: -----END SSH HOST KEY FINGERPRINTS-----
<14>Jan  7 11:28:07 ec2: #############################################################
-----BEGIN SSH HOST KEY KEYS-----
ecdsa-sha2-nistp256 AAAAE2VjZHNhLXNoYTItbmlzdHAyNTYAAAAIbmlzdHAyNTYAAABBBOTtByjtyY3AqwoxyDkOrefpmJ13k40OFFbaVcH0aeHRRnx0864gvjVJ2o5seojTU8i5773Bwa8TL3hEVD16B0c= root@ubuntu-bionic
ssh-ed25519 AAAAC3NzaC1lZDI1NTE5AAAAIHPZb1mtuUv0ks1VYzqZuI9sxRtjEHtXXfIEGAqeu3RO root@ubuntu-bionic
ssh-rsa AAAAB3NzaC1yc2EAAAADAQABAAABAQD4ICSz2a2973bWjO1hIjMBIQbuFyTWcOD7hvWWb1kbf1RRAgLhAMByNh/sD3yXRxU8tOYi1G1yPQbpyD5mMbJ2934ZDZhvxMBuCtj5xV78gruq/QXdNVpz4NSiReYu4ySD2GLLaX6+I3IC3Lx41WxsHPFbCcnSHO5BxtSSL8SWIOQF7BKyyJN2NbJxFnq2s341nL9f697hIeR/b+PGH45ZYtAan0PsxStUd7j5mhkZ0dyaa+jIRLxl3Rr8/t+MvRsCvEAiWTZf3gWiuQJnbTBCTvnnaBR0BTli+Gii6I3mg1x+qqsOUUE/Qf4iWQNe7YP3OjFXNRiqXNWjl2rRFF0H root@ubuntu-bionic
-----END SSH HOST KEY KEYS-----
[   33.867951] cloud-init[1286]: Cloud-init v. 19.3-41-gc4735dd3-0ubuntu1~18.04.1 running 'modules:final' at Tue, 07 Jan 2020 11:28:07 +0000. Up 33.38 seconds.
[   33.876100] cloud-init[1286]: ci-info: no authorized ssh keys fingerprints found for user ubuntu.
[   33.893005] cloud-init[1286]: Cloud-init v. 19.3-41-gc4735dd3-0ubuntu1~18.04.1 finished at Tue, 07 Jan 2020 11:28:07 +0000. Datasource DataSourceNoCloud [seed=/dev/sdb][dsmode=net].  Up 33.83 seconds
[[0;32m  OK  [0m] Stopped target Timers.
[[0;32m  OK  [0m] Closed Load/Save RF Kill Switch Status /dev/rfkill Watch.
[[0;32m  OK  [0m] Stopped target Cloud-init target.
[[0;32m  OK  [0m] Stopped target Host and Network Name Lookups.
[[0;32m  OK  [0m] Stopped Daily Cleanup of Temporary Directories.
         Stopping User Manager for UID 1000...
         Stopping Authorization Manager...
         Stopping Availability of block devices...
[[0;32m  OK  [0m] Stopped target Graphical Interface.
         Stopping Accounts Service...
[[0;32m  OK  [0m] Stopped Daily apt upgrade and clean activities.
[[0;32m  OK  [0m] Stopped Daily apt download activities.
[[0;32m  OK  [0m] Stopped Discard unused blocks once a week.
         Stopping Session 3 of user vagrant.
[[0;32m  OK  [0m] Stopped Message of the Day.
[[0;32m  OK  [0m] Stopped target System Time Synchronized.
[[0;32m  OK  [0m] Stopped Execute cloud user/final scripts.
[[0;32m  OK  [0m] Stopped target Multi-User System.
         Stopping LSB: Record successful boot for GRUB...
         Stopping Virtualbox guest utils...
         Stopping Regular background program processing daemon...
         Stopping D-Bus System Message Bus...
         Stopping Deferred execution scheduler...
         Stopping LXD - container startup/shutdown...
[[0;32m  OK  [0m] Stopped target Login Prompts.
         Stopping Getty on tty1...
         Stopping Serial Getty on ttyS0...
         Stopping irqbalance daemon...
         Stopping OpenBSD Secure Shell server...
         Stopping Dispatcher daemon for systemd-networkd...
         Stopping Unattended Upgrades Shutdown...
         Stopping System Logging Service...
         Stopping LSB: automatic crash report generation...
         Stopping FUSE filesystem for LXC...
[[0;32m  OK  [0m] Stopped Apply the settings specified in cloud-config.
[[0;32m  OK  [0m] Stopped target Cloud-config availability.
[[0;32m  OK  [0m] Stopped target Network is Online.
[[0;32m  OK  [0m] Stopped Wait until snapd is fully seeded.
[[0;32m  OK  [0m] Unmounted /var/lib/lxcfs.
[[0;32m  OK  [0m] Stopped Deferred execution scheduler.
[[0;32m  OK  [0m] Stopped System Logging Service.
[[0;32m  OK  [0m] Stopped Accounts Service.
[[0;32m  OK  [0m] Stopped Regular background program processing daemon.
[[0;32m  OK  [0m] Stopped irqbalance daemon.
[[0;32m  OK  [0m] Stopped Dispatcher daemon for systemd-networkd.
[[0;32m  OK  [0m] Stopped Authorization Manager.
[[0;32m  OK  [0m] Stopped Serial Getty on ttyS0.
[[0;32m  OK  [0m] Stopped Getty on tty1.
[[0;32m  OK  [0m] Stopped Unattended Upgrades Shutdown.
[[0;32m  OK  [0m] Stopped OpenBSD Secure Shell server.
[[0;32m  OK  [0m] Stopped User Manager for UID 1000.
[[0;32m  OK  [0m] Stopped D-Bus System Message Bus.
[[0;32m  OK  [0m] Stopped FUSE filesystem for LXC.
[[0;32m  OK  [0m] Stopped Session 3 of user vagrant.
[[0;32m  OK  [0m] Stopped Availability of block devices.
[[0;32m  OK  [0m] Removed slice User Slice of vagrant.
         Stopping Login Service...
[[0;32m  OK  [0m] Removed slice system-getty.slice.
         Stopping Permit User Sessions...
[[0;32m  OK  [0m] Removed slice system-serial\x2dgetty.slice.
[[0;32m  OK  [0m] Stopped LXD - container startup/shutdown.
[[0;32m  OK  [0m] Stopped LSB: Record successful boot for GRUB.
[[0;32m  OK  [0m] Stopped Permit User Sessions.
[[0;32m  OK  [0m] Stopped target Network.
         Stopping Network Name Resolution...
[[0;32m  OK  [0m] Stopped Login Service.
[[0;32m  OK  [0m] Stopped target User and Group Name Lookups.
[[0;32m  OK  [0m] Stopped Network Name Resolution.
         Stopping Network Service...
[[0;32m  OK  [0m] Stopped LSB: automatic crash report generation.
[[0;32m  OK  [0m] Stopped Virtualbox guest utils.
[[0;32m  OK  [0m] Stopped target Remote File Systems.
[[0;32m  OK  [0m] Stopped target Remote File Systems (Pre).
[[0;32m  OK  [0m] Stopped target Basic System.
[[0;32m  OK  [0m] Stopped target Slices.
[[0;32m  OK  [0m] Removed slice User and Session Slice.
[[0;32m  OK  [0m] Stopped target Sockets.
[[0;32m  OK  [0m] Closed Socket activation for snappy daemon.
[[0;32m  OK  [0m] Closed Syslog Socket.
[[0;32m  OK  [0m] Closed ACPID Listen Socket.
[[0;32m  OK  [0m] Closed LXD - unix socket.
[[0;32m  OK  [0m] Closed D-Bus System Message Bus Socket.
[[0;32m  OK  [0m] Closed UUID daemon activation socket.
[[0;32m  OK  [0m] Closed Open-iSCSI iscsid Socket.
[[0;32m  OK  [0m] Stopped target Paths.
[[0;32m  OK  [0m] Stopped ACPI Events Check.
[[0;32m  OK  [0m] Stopped target System Initialization.
[[0;32m  OK  [0m] Stopped target Local Encrypted Volumes.
[[0;32m  OK  [0m] Stopped Dispatch Password Requests to Console Directory Watch.
[[0;32m  OK  [0m] Stopped Forward Password Requests to Wall Directory Watch.
         Stopping Load/Save Random Seed...
[[0;32m  OK  [0m] Stopped Commit a transient machine-id on disk.
         Stopping Update UTMP about System Boot/Shutdown...
[[0;32m  OK  [0m] Stopped Initial cloud-init job (metadata service crawler).
[[0;32m  OK  [0m] Stopped Network Service.
[[0;32m  OK  [0m] Stopped target Network (Pre).
[[0;32m  OK  [0m] Stopped Initial cloud-init job (pre-networking).
[[0;32m  OK  [0m] Stopped Apply Kernel Variables.
[[0;32m  OK  [0m] Stopped Load Kernel Modules.
[[0;32m  OK  [0m] Stopped Load/Save Random Seed.
[[0;32m  OK  [0m] Stopped Update UTMP about System Boot/Shutdown.
[[0;32m  OK  [0m] Stopped Create Volatile Files and Directories.
[[0;32m  OK  [0m] Stopped target Local File Systems.
         Unmounting /mnt/host_machine...
         Unmounting /run/user/1000...
[[0;32m  OK  [0m] Unmounted /mnt/host_machine.
[[0;32m  OK  [0m] Unmounted /run/user/1000.
[[0;32m  OK  [0m] Reached target Unmount All Filesystems.
[[0;32m  OK  [0m] Stopped target Swap.
[[0;32m  OK  [0m] Stopped target Local File Systems (Pre).
         Stopping Monitoring of LVM2 mirrors…ng dmeventd or progress polling...
[[0;32m  OK  [0m] Stopped Create Static Device Nodes in /dev.
[[0;32m  OK  [0m] Stopped Remount Root and Kernel File Systems.
[[0;32m  OK  [0m] Reached target Shutdown.
[[0;32m  OK  [0m] Reached target Final Step.
         Starting Reboot...
[  171.652446] reboot: Restarting system with command 'now'
[    0.000000] Linux version 4.15.0-72-generic (buildd@lcy01-amd64-026) (gcc version 7.4.0 (Ubuntu 7.4.0-1ubuntu1~18.04.1)) #81-Ubuntu SMP Tue Nov 26 12:20:02 UTC 2019 (Ubuntu 4.15.0-72.81-generic 4.15.18)
[    0.000000] Command line: BOOT_IMAGE=/boot/vmlinuz-4.15.0-72-generic root=LABEL=cloudimg-rootfs ro console=tty1 console=ttyS0
[    0.000000] KERNEL supported cpus:
[    0.000000]   Intel GenuineIntel
[    0.000000]   AMD AuthenticAMD
[    0.000000]   Centaur CentaurHauls
[    0.000000] x86/fpu: Supporting XSAVE feature 0x001: 'x87 floating point registers'
[    0.000000] x86/fpu: Supporting XSAVE feature 0x002: 'SSE registers'
[    0.000000] x86/fpu: Supporting XSAVE feature 0x004: 'AVX registers'
[    0.000000] x86/fpu: xstate_offset[2]:  576, xstate_sizes[2]:  256
[    0.000000] x86/fpu: Enabled xstate features 0x7, context size is 832 bytes, using 'standard' format.
[    0.000000] e820: BIOS-provided physical RAM map:
[    0.000000] BIOS-e820: [mem 0x0000000000000000-0x000000000009fbff] usable
[    0.000000] BIOS-e820: [mem 0x000000000009fc00-0x000000000009ffff] reserved
[    0.000000] BIOS-e820: [mem 0x00000000000f0000-0x00000000000fffff] reserved
[    0.000000] BIOS-e820: [mem 0x0000000000100000-0x000000001ffeffff] usable
[    0.000000] BIOS-e820: [mem 0x000000001fff0000-0x000000001fffffff] ACPI data
[    0.000000] BIOS-e820: [mem 0x00000000fec00000-0x00000000fec00fff] reserved
[    0.000000] BIOS-e820: [mem 0x00000000fee00000-0x00000000fee00fff] reserved
[    0.000000] BIOS-e820: [mem 0x00000000fffc0000-0x00000000ffffffff] reserved
[    0.000000] NX (Execute Disable) protection: active
[    0.000000] SMBIOS 2.5 present.
[    0.000000] DMI: innotek GmbH VirtualBox/VirtualBox, BIOS VirtualBox 12/01/2006
[    0.000000] Hypervisor detected: KVM
[    0.000000] e820: last_pfn = 0x1fff0 max_arch_pfn = 0x400000000
[    0.000000] MTRR: Disabled
[    0.000000] x86/PAT: MTRRs disabled, skipping PAT initialization too.
[    0.000000] CPU MTRRs all blank - virtualized system.
[    0.000000] x86/PAT: Configuration [0-7]: WB  WT  UC- UC  WB  WT  UC- UC  
[    0.000000] Scanning 1 areas for low memory corruption
[    0.000000] RAMDISK: [mem 0x1dc35000-0x1eef5fff]
[    0.000000] ACPI: Early table checksum verification disabled
[    0.000000] ACPI: RSDP 0x00000000000E0000 000024 (v02 VBOX  )
[    0.000000] ACPI: XSDT 0x000000001FFF0030 00003C (v01 VBOX   VBOXXSDT 00000001 ASL  00000061)
[    0.000000] ACPI: FACP 0x000000001FFF00F0 0000F4 (v04 VBOX   VBOXFACP 00000001 ASL  00000061)
[    0.000000] ACPI: DSDT 0x000000001FFF0470 0022EA (v02 VBOX   VBOXBIOS 00000002 INTL 20100528)
[    0.000000] ACPI: FACS 0x000000001FFF0200 000040
[    0.000000] ACPI: FACS 0x000000001FFF0200 000040
[    0.000000] ACPI: APIC 0x000000001FFF0240 00005C (v02 VBOX   VBOXAPIC 00000001 ASL  00000061)
[    0.000000] ACPI: SSDT 0x000000001FFF02A0 0001CC (v01 VBOX   VBOXCPUT 00000002 INTL 20100528)
[    0.000000] No NUMA configuration found
[    0.000000] Faking a node at [mem 0x0000000000000000-0x000000001ffeffff]
[    0.000000] NODE_DATA(0) allocated [mem 0x1ffc5000-0x1ffeffff]
[    0.000000] kvm-clock: cpu 0, msr 0:1ff44001, primary cpu clock
[    0.000000] kvm-clock: Using msrs 4b564d01 and 4b564d00
[    0.000000] kvm-clock: using sched offset of 183607306545 cycles
[    0.000000] clocksource: kvm-clock: mask: 0xffffffffffffffff max_cycles: 0x1cd42e4dffb, max_idle_ns: 881590591483 ns
[    0.000000] Zone ranges:
[    0.000000]   DMA      [mem 0x0000000000001000-0x0000000000ffffff]
[    0.000000]   DMA32    [mem 0x0000000001000000-0x000000001ffeffff]
[    0.000000]   Normal   empty
[    0.000000]   Device   empty
[    0.000000] Movable zone start for each node
[    0.000000] Early memory node ranges
[    0.000000]   node   0: [mem 0x0000000000001000-0x000000000009efff]
[    0.000000]   node   0: [mem 0x0000000000100000-0x000000001ffeffff]
[    0.000000] Reserved but unavailable: 98 pages
[    0.000000] Initmem setup node 0 [mem 0x0000000000001000-0x000000001ffeffff]
[    0.000000] ACPI: PM-Timer IO Port: 0x4008
[    0.000000] IOAPIC[0]: apic_id 2, version 32, address 0xfec00000, GSI 0-23
[    0.000000] ACPI: INT_SRC_OVR (bus 0 bus_irq 0 global_irq 2 dfl dfl)
[    0.000000] ACPI: INT_SRC_OVR (bus 0 bus_irq 9 global_irq 9 low level)
[    0.000000] Using ACPI (MADT) for SMP configuration information
[    0.000000] smpboot: Allowing 2 CPUs, 0 hotplug CPUs
[    0.000000] PM: Registered nosave memory: [mem 0x00000000-0x00000fff]
[    0.000000] PM: Registered nosave memory: [mem 0x0009f000-0x0009ffff]
[    0.000000] PM: Registered nosave memory: [mem 0x000a0000-0x000effff]
[    0.000000] PM: Registered nosave memory: [mem 0x000f0000-0x000fffff]
[    0.000000] e820: [mem 0x20000000-0xfebfffff] available for PCI devices
[    0.000000] Booting paravirtualized kernel on KVM
[    0.000000] clocksource: refined-jiffies: mask: 0xffffffff max_cycles: 0xffffffff, max_idle_ns: 7645519600211568 ns
[    0.000000] random: get_random_bytes called from start_kernel+0x99/0x4fd with crng_init=0
[    0.000000] setup_percpu: NR_CPUS:8192 nr_cpumask_bits:2 nr_cpu_ids:2 nr_node_ids:1
[    0.000000] percpu: Embedded 45 pages/cpu s147456 r8192 d28672 u1048576
[    0.000000] PV qspinlock hash table entries: 256 (order: 0, 4096 bytes)
[    0.000000] Built 1 zonelists, mobility grouping on.  Total pages: 128889
[    0.000000] Policy zone: DMA32
[    0.000000] Kernel command line: BOOT_IMAGE=/boot/vmlinuz-4.15.0-72-generic root=LABEL=cloudimg-rootfs ro console=tty1 console=ttyS0
[    0.000000] Memory: 467296K/523832K available (12300K kernel code, 2481K rwdata, 4264K rodata, 2428K init, 2388K bss, 56536K reserved, 0K cma-reserved)
[    0.000000] SLUB: HWalign=64, Order=0-3, MinObjects=0, CPUs=2, Nodes=1
[    0.000000] Kernel/User page tables isolation: enabled
[    0.000000] ftrace: allocating 39318 entries in 154 pages
[    0.004000] Hierarchical RCU implementation.
[    0.004000] 	RCU restricting CPUs from NR_CPUS=8192 to nr_cpu_ids=2.
[    0.004000] 	Tasks RCU enabled.
[    0.004000] RCU: Adjusting geometry for rcu_fanout_leaf=16, nr_cpu_ids=2
[    0.004000] NR_IRQS: 524544, nr_irqs: 440, preallocated irqs: 16
[    0.004000] Console: colour VGA+ 80x25
[    0.004000] console [tty1] enabled
[    0.004000] console [ttyS0] enabled
[    0.004000] ACPI: Core revision 20170831
[    0.004000] ACPI: 2 ACPI AML tables successfully acquired and loaded
[    0.004000] APIC: Switch to symmetric I/O mode setup
[    0.004000] x2apic enabled
[    0.004013] Switched APIC routing to physical x2apic.
[    0.012000] ..TIMER: vector=0x30 apic1=0 pin1=2 apic2=-1 pin2=-1
[    0.012010] tsc: Detected 2394.560 MHz processor
[    0.016020] Calibrating delay loop (skipped) preset value.. 4789.12 BogoMIPS (lpj=9578240)
[    0.019974] pid_max: default: 32768 minimum: 301
[    0.020095] Security Framework initialized
[    0.022003] Yama: becoming mindful.
[    0.024054] AppArmor: AppArmor initialized
[    0.028064] Dentry cache hash table entries: 65536 (order: 7, 524288 bytes)
[    0.031211] Inode-cache hash table entries: 32768 (order: 6, 262144 bytes)
[    0.032027] Mount-cache hash table entries: 1024 (order: 1, 8192 bytes)
[    0.036009] Mountpoint-cache hash table entries: 1024 (order: 1, 8192 bytes)
[    0.040729] Last level iTLB entries: 4KB 512, 2MB 8, 4MB 8
[    0.043230] Last level dTLB entries: 4KB 512, 2MB 32, 4MB 32, 1GB 0
[    0.044007] Spectre V1 : Mitigation: usercopy/swapgs barriers and __user pointer sanitization
[    0.048011] Spectre V2 : Mitigation: Full generic retpoline
[    0.052004] Spectre V2 : Spectre v2 / SpectreRSB mitigation: Filling RSB on context switch
[    0.056004] Speculative Store Bypass: Vulnerable
[    0.060089] MDS: Mitigation: Clear CPU buffers
[    0.062813] Freeing SMP alternatives memory: 36K
[    0.176221] smpboot: CPU0: Intel(R) Core(TM) i3-3110M CPU @ 2.40GHz (family: 0x6, model: 0x3a, stepping: 0x9)
[    0.180203] Performance Events: unsupported p6 CPU model 58 no PMU driver, software events only.
[    0.184097] Hierarchical SRCU implementation.
[    0.188052] NMI watchdog: Perf event create on CPU 0 failed with -2
[    0.190840] NMI watchdog: Perf NMI watchdog permanently disabled
[    0.192114] smp: Bringing up secondary CPUs ...
[    0.196220] x86: Booting SMP configuration:
[    0.198444] .... node  #0, CPUs:      #1
[    0.004000] kvm-clock: cpu 1, msr 0:1ff44041, secondary cpu clock
[    0.204034] smp: Brought up 1 node, 2 CPUs
[    0.205935] smpboot: Max logical packages: 1
[    0.208011] smpboot: Total of 2 processors activated (9578.24 BogoMIPS)
[    0.212258] devtmpfs: initialized
[    0.213931] x86/mm: Memory block size: 128MB
[    0.216428] evm: security.selinux
[    0.218153] evm: security.SMACK64
[    0.220005] evm: security.SMACK64EXEC
[    0.221823] evm: security.SMACK64TRANSMUTE
[    0.224004] evm: security.SMACK64MMAP
[    0.225821] evm: security.apparmor
[    0.228004] evm: security.ima
[    0.229534] evm: security.capability
[    0.232300] clocksource: jiffies: mask: 0xffffffff max_cycles: 0xffffffff, max_idle_ns: 7645041785100000 ns
[    0.236027] futex hash table entries: 512 (order: 3, 32768 bytes)
[    0.240128] pinctrl core: initialized pinctrl subsystem
[    0.242917] RTC time: 11:30:32, date: 01/07/20
[    0.244434] NET: Registered protocol family 16
[    0.248319] audit: initializing netlink subsys (disabled)
[    0.252036] audit: type=2000 audit(1578396817.149:1): state=initialized audit_enabled=0 res=1
[    0.256012] cpuidle: using governor ladder
[    0.258147] cpuidle: using governor menu
[    0.260160] ACPI: bus type PCI registered
[    0.262200] acpiphp: ACPI Hot Plug PCI Controller Driver version: 0.5
[    0.264352] PCI: Using configuration type 1 for base access
[    0.273404] HugeTLB registered 2.00 MiB page size, pre-allocated 0 pages
[    0.276208] ACPI: Added _OSI(Module Device)
[    0.278342] ACPI: Added _OSI(Processor Device)
[    0.280016] ACPI: Added _OSI(3.0 _SCP Extensions)
[    0.282343] ACPI: Added _OSI(Processor Aggregator Device)
[    0.284013] ACPI: Added _OSI(Linux-Dell-Video)
[    0.288007] ACPI: Added _OSI(Linux-Lenovo-NV-HDMI-Audio)
[    0.292007] ACPI: Added _OSI(Linux-HPI-Hybrid-Graphics)
[    0.295106] ACPI: Executed 1 blocks of module-level executable AML code
[    0.315704] ACPI: Interpreter enabled
[    0.316040] ACPI: (supports S0 S5)
[    0.317865] ACPI: Using IOAPIC for interrupt routing
[    0.321134] PCI: Using host bridge windows from ACPI; if necessary, use "pci=nocrs" and report a bug
[    0.324609] ACPI: Enabled 2 GPEs in block 00 to 07
[    0.358842] ACPI: PCI Root Bridge [PCI0] (domain 0000 [bus 00-ff])
[    0.360022] acpi PNP0A03:00: _OSC: OS supports [ASPM ClockPM Segments MSI]
[    0.366730] acpi PNP0A03:00: _OSC: not requesting OS control; OS requires [ExtendedConfig ASPM ClockPM MSI]
[    0.368049] acpi PNP0A03:00: fail to add MMCONFIG information, can't access extended PCI configuration space under this bridge.
[    0.373124] PCI host bridge to bus 0000:00
[    0.376009] pci_bus 0000:00: root bus resource [io  0x0000-0x0cf7 window]
[    0.380010] pci_bus 0000:00: root bus resource [io  0x0d00-0xffff window]
[    0.383172] pci_bus 0000:00: root bus resource [mem 0x000a0000-0x000bffff window]
[    0.384008] pci_bus 0000:00: root bus resource [mem 0x20000000-0xfdffffff window]
[    0.388009] pci_bus 0000:00: root bus resource [bus 00-ff]
[    0.398716] pci 0000:00:01.1: legacy IDE quirk: reg 0x10: [io  0x01f0-0x01f7]
[    0.400012] pci 0000:00:01.1: legacy IDE quirk: reg 0x14: [io  0x03f6]
[    0.404007] pci 0000:00:01.1: legacy IDE quirk: reg 0x18: [io  0x0170-0x0177]
[    0.408007] pci 0000:00:01.1: legacy IDE quirk: reg 0x1c: [io  0x0376]
[    0.437029] pci 0000:00:07.0: quirk: [io  0x4000-0x403f] claimed by PIIX4 ACPI
[    0.440034] pci 0000:00:07.0: quirk: [io  0x4100-0x410f] claimed by PIIX4 SMB
[    0.461811] ACPI: PCI Interrupt Link [LNKA] (IRQs 5 9 10 *11)
[    0.465433] ACPI: PCI Interrupt Link [LNKB] (IRQs 5 9 *10 11)
[    0.468429] ACPI: PCI Interrupt Link [LNKC] (IRQs 5 *9 10 11)
[    0.472410] ACPI: PCI Interrupt Link [LNKD] (IRQs 5 9 10 *11)
[    0.476961] SCSI subsystem initialized
[    0.478880] pci 0000:00:02.0: vgaarb: setting as boot VGA device
[    0.478880] pci 0000:00:02.0: vgaarb: VGA device added: decodes=io+mem,owns=io+mem,locks=none
[    0.480022] pci 0000:00:02.0: vgaarb: bridge control possible
[    0.484005] vgaarb: loaded
[    0.485511] ACPI: bus type USB registered
[    0.487688] usbcore: registered new interface driver usbfs
[    0.488031] usbcore: registered new interface driver hub
[    0.492046] usbcore: registered new device driver usb
[    0.496070] EDAC MC: Ver: 3.0.0
[    0.496554] PCI: Using ACPI for IRQ routing
[    0.500673] NetLabel: Initializing
[    0.502408] NetLabel:  domain hash size = 128
[    0.504004] NetLabel:  protocols = UNLABELED CIPSOv4 CALIPSO
[    0.506834] NetLabel:  unlabeled traffic allowed by default
[    0.512015] clocksource: Switched to clocksource kvm-clock
[    0.559963] VFS: Disk quotas dquot_6.6.0
[    0.562277] VFS: Dquot-cache hash table entries: 512 (order 0, 4096 bytes)
[    0.565819] AppArmor: AppArmor Filesystem Enabled
[    0.568690] pnp: PnP ACPI init
[    0.574023] pnp: PnP ACPI: found 3 devices
[    0.584327] clocksource: acpi_pm: mask: 0xffffff max_cycles: 0xffffff, max_idle_ns: 2085701024 ns
[    0.588185] NET: Registered protocol family 2
[    0.591478] TCP established hash table entries: 4096 (order: 3, 32768 bytes)
[    0.595097] TCP bind hash table entries: 4096 (order: 4, 65536 bytes)
[    0.598593] TCP: Hash tables configured (established 4096 bind 4096)
[    0.601918] UDP hash table entries: 256 (order: 1, 8192 bytes)
[    0.604637] UDP-Lite hash table entries: 256 (order: 1, 8192 bytes)
[    0.607743] NET: Registered protocol family 1
[    0.610196] pci 0000:00:00.0: Limiting direct PCI/PCI transfers
[    0.613151] pci 0000:00:01.0: Activating ISA DMA hang workarounds
[    0.616072] pci 0000:00:02.0: Video device with shadowed ROM at [mem 0x000c0000-0x000dffff]
[    0.626513] Unpacking initramfs...
[    1.449973] Freeing initrd memory: 19204K
[    1.452190] clocksource: tsc: mask: 0xffffffffffffffff max_cycles: 0x2284248580e, max_idle_ns: 440795288736 ns
[    1.457458] platform rtc_cmos: registered platform RTC device (no PNP device found)
[    1.461781] Scanning for low memory corruption every 60 seconds
[    1.465771] Initialise system trusted keyrings
[    1.467869] Key type blacklist registered
[    1.469987] workingset: timestamp_bits=36 max_order=17 bucket_order=0
[    1.476921] zbud: loaded
[    1.479545] squashfs: version 4.0 (2009/01/31) Phillip Lougher
[    1.482741] fuse init (API version 7.26)
[    1.493379] Key type asymmetric registered
[    1.495534] Asymmetric key parser 'x509' registered
[    1.498165] Block layer SCSI generic (bsg) driver version 0.4 loaded (major 246)
[    1.502137] io scheduler noop registered
[    1.504206] io scheduler deadline registered
[    1.506636] io scheduler cfq registered (default)
[    1.509667] ACPI: AC Adapter [AC] (on-line)
[    1.511891] input: Power Button as /devices/LNXSYSTM:00/LNXPWRBN:00/input/input0
[    1.515575] ACPI: Power Button [PWRF]
[    1.517588] input: Sleep Button as /devices/LNXSYSTM:00/LNXSLPBN:00/input/input1
[    1.521075] ACPI: Sleep Button [SLPF]
[    1.523590] Serial: 8250/16550 driver, 32 ports, IRQ sharing enabled
[    1.527136] ACPI: Battery Slot [BAT0] (battery present)
[    1.551319] 00:02: ttyS0 at I/O 0x3f8 (irq = 4, base_baud = 115200) is a 16550A
[    1.560150] Linux agpgart interface v0.103
[    1.567010] loop: module loaded
[    1.570752] scsi host0: ata_piix
[    1.573041] scsi host1: ata_piix
[    1.574904] ata1: PATA max UDMA/33 cmd 0x1f0 ctl 0x3f6 bmdma 0xd000 irq 14
[    1.578011] ata2: PATA max UDMA/33 cmd 0x170 ctl 0x376 bmdma 0xd008 irq 15
[    1.582201] libphy: Fixed MDIO Bus: probed
[    1.584254] tun: Universal TUN/TAP device driver, 1.6
[    1.586687] PPP generic driver version 2.4.2
[    1.589044] ehci_hcd: USB 2.0 'Enhanced' Host Controller (EHCI) Driver
[    1.591868] ehci-pci: EHCI PCI platform driver
[    1.594030] ehci-platform: EHCI generic platform driver
[    1.596441] ohci_hcd: USB 1.1 'Open' Host Controller (OHCI) Driver
[    1.599471] ohci-pci: OHCI PCI platform driver
[    1.601763] ohci-platform: OHCI generic platform driver
[    1.604351] uhci_hcd: USB Universal Host Controller Interface driver
[    1.607663] i8042: PNP: PS/2 Controller [PNP0303:PS2K,PNP0f03:PS2M] at 0x60,0x64 irq 1,12
[    1.613003] serio: i8042 KBD port at 0x60,0x64 irq 1
[    1.615368] serio: i8042 AUX port at 0x60,0x64 irq 12
[    1.617996] mousedev: PS/2 mouse device common for all mice
[    1.621102] input: AT Translated Set 2 keyboard as /devices/platform/i8042/serio0/input/input2
[    1.625120] rtc_cmos rtc_cmos: rtc core: registered rtc_cmos as rtc0
[    1.628602] rtc_cmos rtc_cmos: alarms up to one day, 114 bytes nvram
[    1.631715] i2c /dev entries driver
[    1.633872] device-mapper: uevent: version 1.0.3
[    1.636505] device-mapper: ioctl: 4.37.0-ioctl (2017-09-20) initialised: dm-devel@redhat.com
[    1.641394] ledtrig-cpu: registered to indicate activity on CPUs
[    1.645292] NET: Registered protocol family 10
[    1.655507] Segment Routing with IPv6
[    1.657735] NET: Registered protocol family 17
[    1.659969] Key type dns_resolver registered
[    1.663192] mce: Using 0 MCE banks
[    1.664986] RAS: Correctable Errors collector initialized.
[    1.667466] sched_clock: Marking stable (1664942536, 0)->(2124335968, -459393432)
[    1.672421] registered taskstats version 1
[    1.674530] Loading compiled-in X.509 certificates
[    1.681727] Loaded X.509 cert 'Build time autogenerated kernel key: f4f7241365689b0cbe3898188e65e316fd8f978d'
[    1.686271] zswap: loaded using pool lzo/zbud
[    1.696337] Key type big_key registered
[    1.698279] Key type trusted registered
[    1.703313] Key type encrypted registered
[    1.705342] AppArmor: AppArmor sha1 policy hashing enabled
[    1.707846] ima: No TPM chip found, activating TPM-bypass! (rc=-19)
[    1.710948] ima: Allocated hash algorithm: sha1
[    1.713854] evm: HMAC attrs: 0x1
[    1.716191]   Magic number: 4:138:529
[    1.718244] rtc_cmos rtc_cmos: setting system clock to 2020-01-07 11:30:33 UTC (1578396633)
[    1.722520] BIOS EDD facility v0.16 2004-Jun-25, 0 devices found
[    1.725464] EDD information not available.
[    1.754428] Freeing unused kernel image memory: 2428K
[    1.772379] Write protecting the kernel read-only data: 20480k
[    1.777226] Freeing unused kernel image memory: 2008K
[    1.781245] Freeing unused kernel image memory: 1880K
[    1.827088] x86/mm: Checked W+X mappings: passed, no W+X pages found.
[    1.830343] x86/mm: Checking user space page tables
[    1.877687] x86/mm: Checked W+X mappings: passed, no W+X pages found.
Loading, please wait...
starting version 237
[    2.101049] e1000: Intel(R) PRO/1000 Network Driver - version 7.3.21-k8-NAPI
[    2.105463] e1000: Copyright (c) 1999-2006 Intel Corporation.
[    2.125087] Fusion MPT base driver 3.04.20
[    2.127819] Copyright (c) 1999-2008 LSI Corporation
[    2.162174] Fusion MPT SPI Host driver 3.04.20
[    2.324731] input: ImExPS/2 Generic Explorer Mouse as /devices/platform/i8042/serio1/input/input4
[    2.686978] e1000 0000:00:03.0 eth0: (PCI:33MHz:32-bit) 02:b7:1f:33:e9:24
[    2.694322] e1000 0000:00:03.0 eth0: Intel(R) PRO/1000 Network Connection
[    2.703662] mptbase: ioc0: Initiating bringup
[    2.801520] ioc0: LSI53C1030 A0: Capabilities={Initiator}
[    3.056545] scsi host2: ioc0: LSI53C1030 A0, FwRev=00000000h, Ports=1, MaxQ=256, IRQ=20
[    3.238033] scsi 2:0:0:0: Direct-Access     VBOX     HARDDISK         1.0  PQ: 0 ANSI: 5
[    3.280091] scsi target2:0:0: Beginning Domain Validation
[    3.292455] scsi target2:0:0: Domain Validation skipping write tests
[    3.299792] scsi target2:0:0: Ending Domain Validation
[    3.304758] scsi target2:0:0: asynchronous
[    3.309649] scsi 2:0:1:0: Direct-Access     VBOX     HARDDISK         1.0  PQ: 0 ANSI: 5
[    3.668128] scsi target2:0:1: Beginning Domain Validation
[    3.672597] random: fast init done
[    3.676740] scsi target2:0:1: Domain Validation skipping write tests
[    3.680396] scsi target2:0:1: Ending Domain Validation
[    3.683800] scsi target2:0:1: asynchronous
[    3.697759] random: systemd-udevd: uninitialized urandom read (16 bytes read)
[    3.702935] sd 2:0:0:0: [sda] 20971520 512-byte logical blocks: (10.7 GB/10.0 GiB)
[    3.707689] sd 2:0:0:0: [sda] Write Protect is off
[    3.710725] sd 2:0:0:0: Attached scsi generic sg0 type 0
[    3.714283] random: systemd-udevd: uninitialized urandom read (16 bytes read)
[    3.719185] sd 2:0:0:0: [sda] Incomplete mode parameter data
[    3.722617] sd 2:0:0:0: [sda] Assuming drive cache: write through
[    3.727104] sd 2:0:1:0: Attached scsi generic sg1 type 0
[    3.730814] random: systemd-udevd: uninitialized urandom read (16 bytes read)
[    3.737651]  sda: sda1
[    3.740795] sd 2:0:0:0: [sda] Attached SCSI disk
[    3.748292] sd 2:0:1:0: [sdb] 20480 512-byte logical blocks: (10.5 MB/10.0 MiB)
[    3.752970] sd 2:0:1:0: [sdb] Write Protect is off
[    3.756052] sd 2:0:1:0: [sdb] Incomplete mode parameter data
[    3.758837] sd 2:0:1:0: [sdb] Assuming drive cache: write through
[    3.765574] sd 2:0:1:0: [sdb] Attached SCSI disk
[    3.810611] e1000 0000:00:08.0 eth1: (PCI:33MHz:32-bit) 08:00:27:5d:f3:dc
[    3.814446] e1000 0000:00:08.0 eth1: Intel(R) PRO/1000 Network Connection
[    3.827736] e1000 0000:00:08.0 enp0s8: renamed from eth1
[    3.850387] e1000 0000:00:03.0 enp0s3: renamed from eth0
Begin: Loading essential drivers ... [    6.376153] raid6: sse2x1   gen()  1555 MB/s
[    6.424493] raid6: sse2x1   xor()  1289 MB/s
[    6.472450] raid6: sse2x2   gen()  4379 MB/s
[    6.520237] raid6: sse2x2   xor()  2002 MB/s
[    6.568123] raid6: sse2x4   gen()  4785 MB/s
[    6.616047] raid6: sse2x4   xor()  2788 MB/s
[    6.618281] raid6: using algorithm sse2x4 gen() 4785 MB/s
[    6.621258] raid6: .... xor() 2788 MB/s, rmw enabled
[    6.623893] raid6: using ssse3x2 recovery algorithm
[    6.629480] xor: automatically using best checksumming function   avx       
[    6.635903] async_tx: api initialized (async)
done.
Begin: Running /scripts/init-premount ... done.
Begin: Mounting root file system ... Begin: Running /scripts/local-top ... done.
Begin: Running /scripts/local-premount ... [    6.771863] Btrfs loaded, crc32c=crc32c-intel
Scanning for Btrfs filesystems
done.
Warning: fsck not present, so skipping root file system
[    6.847113] EXT4-fs (sda1): mounted filesystem with ordered data mode. Opts: (null)
done.
Begin: Running /scripts/local-bottom ... done.
Begin: Running /scripts/init-bottom ... done.
[    7.228609] ip_tables: (C) 2000-2006 Netfilter Core Team
[    7.255738] systemd[1]: systemd 237 running in system mode. (+PAM +AUDIT +SELINUX +IMA +APPARMOR +SMACK +SYSVINIT +UTMP +LIBCRYPTSETUP +GCRYPT +GNUTLS +ACL +XZ +LZ4 +SECCOMP +BLKID +ELFUTILS +KMOD -IDN2 +IDN -PCRE2 default-hierarchy=hybrid)
[    7.265361] systemd[1]: Detected virtualization oracle.
[    7.267833] systemd[1]: Detected architecture x86-64.

Welcome to [1mUbuntu 18.04.3 LTS[0m!

[    7.281810] systemd[1]: Set hostname to <ansible-host>.
[    7.856578] systemd[1]: Started Forward Password Requests to Wall Directory Watch.
[[0;32m  OK  [0m] Started Forward Password Requests to Wall Directory Watch.
[    7.862342] systemd[1]: Reached target Swap.
[[0;32m  OK  [0m] Reached target Swap.
[    7.866129] systemd[1]: Set up automount Arbitrary Executable File Formats File System Automount Point.
[[0;32m  OK  [0m] Set up automount Arbitrary Executab…rmats File System Automount Point.
[    7.873012] systemd[1]: Reached target System Time Synchronized.
[[0;32m  OK  [0m] Reached target System Time Synchronized.
[    7.881238] systemd[1]: Created slice User and Session Slice.
[[0;32m  OK  [0m] Created slice User and Session Slice.
[    7.886515] systemd[1]: Reached target User and Group Name Lookups.
[[0;32m  OK  [0m] Reached target User and Group Name Lookups.
[[0;32m  OK  [0m] Created slice System Slice.
[[0;32m  OK  [0m] Listening on Journal Socket (/dev/log).
[[0;32m  OK  [0m] Reached target Slices.
[[0;32m  OK  [0m] Listening on Network Service Netlink Socket.
[[0;32m  OK  [0m] Listening on Syslog Socket.
[[0;32m  OK  [0m] Created slice system-serial\x2dgetty.slice.
[[0;32m  OK  [0m] Listening on udev Control Socket.
[[0;32m  OK  [0m] Listening on LVM2 poll daemon socket.
[[0;32m  OK  [0m] Listening on /dev/initctl Compatibility Named Pipe.
[[0;32m  OK  [0m] Listening on Journal Socket.
         Starting Set the console keyboard layout...
         Starting Remount Root and Kernel File Systems...
         Mounting POSIX Message Queue File System...
         Starting Load Kernel Modules...
         Mounting Kernel Debug File System...
[[0;32m  OK  [0m] Listening on LVM2 metadata daemon socket.
         Starting Uncomplicated firewall...
[[0;32m  OK  [0m] Listening on Journal Audit Socket.
         Starting Journal Service...
         Starting Create list of required st…ce nodes for the current kernel...
         Mounting Huge Pages File System...
[[0;32m  OK  [0m] Listening on Device-mapper event daemon FIFOs.
[    8.007702] EXT4-fs (sda1): re-mounted. Opts: (null)
         Starting Monitoring of LVM2 mirrors…ng dmeventd or progress polling...
[[0;32m  OK  [0m] Listening on udev Kernel Socket.
         Starting udev Coldplug all Devices...
[[0;32m  OK  [0m] Started Remount Root and Kernel File Systems.
[[0;32m  OK  [0m] Mounted POSIX Message Queue File System.
[[0;32m  OK  [0m] Mounted Kernel Debug File System.
[[0;32m  OK  [0m] Started Uncomplicated firewall.
[[0;32m  OK  [0m] Started Create list of required sta…vice nodes for the current kernel.
[[0;32m  OK  [0m] Mounted Huge Pages File System.
         Starting Create Static Device Nodes in /dev...
         Starting Load/Save Random Seed...
[[0;32m  OK  [0m] Started Create Static Device Nodes in /dev.
[    8.126262] Loading iSCSI transport class v2.0-870.
         Starting udev Kernel Device Manager...
[    8.213152] iscsi: registered transport (tcp)
[[0;32m  OK  [0m] Started LVM2 metadata daemon.
[[0;32m  OK  [0m] Started Load/Save Random Seed.
[[0;32m  OK  [0m] Started udev Kernel Device Manager.
[[0;32m  OK  [0m] Started Journal Service.
         Starting Flush Journal to Persistent Storage...
[[0;32m  OK  [0m] Started Monitoring of LVM2 mirrors,…sing dmeventd or progress polling.
[[0;32m  OK  [0m] Started udev Coldplug all Devices.
[    8.408932] systemd-journald[371]: Received request to flush runtime journal from PID 1
[    8.410719] iscsi: registered transport (iser)
[[0;32m  OK  [0m] Started Load Kernel Modules.
         Mounting Kernel Configuration File System...
         Starting Apply Kernel Variables...
         Mounting FUSE Control File System...
[[0;32m  OK  [0m] Mounted FUSE Control File System.
[[0;32m  OK  [0m] Mounted Kernel Configuration File System.
[[0;32m  OK  [0m] Started Flush Journal to Persistent Storage.
[[0;32m  OK  [0m] Started Apply Kernel Variables.
[[0;32m  OK  [0m] Started Set the console keyboard layout.
[[0;32m  OK  [0m] Reached target Local File Systems (Pre).
[[0;32m  OK  [0m] Reached target Local File Systems.
         Starting AppArmor initialization...
         Starting Create Volatile Files and Directories...
         Starting ebtables ruleset management...
         Starting Set console font and keymap...
         Starting Tell Plymouth To Write Out Runtime Data...
[[0;32m  OK  [0m] Started Dispatch Password Requests to Console Directory Watch.
[[0;32m  OK  [0m] Reached target Local Encrypted Volumes.
[[0;32m  OK  [0m] Started Create Volatile Files and Directories.
         Starting Update UTMP about System Boot/Shutdown...
[[0;32m  OK  [0m] Started Set console font and keymap.
[[0;32m  OK  [0m] Started Tell Plymouth To Write Out Runtime Data.
[[0;32m  OK  [0m] Started Update UTMP about System Boot/Shutdown.
[[0;32m  OK  [0m] Started ebtables ruleset management.
[[0;32m  OK  [0m] Found device /dev/ttyS0.
[[0;32m  OK  [0m] Started AppArmor initialization.
         Starting Initial cloud-init job (pre-networking)...
[[0;32m  OK  [0m] Listening on Load/Save RF Kill Switch Status /dev/rfkill Watch.
[   11.949817] cloud-init[499]: Cloud-init v. 19.3-41-gc4735dd3-0ubuntu1~18.04.1 running 'init-local' at Tue, 07 Jan 2020 11:30:43 +0000. Up 11.43 seconds.
[[0;32m  OK  [0m] Started Initial cloud-init job (pre-networking).
[[0;32m  OK  [0m] Reached target Network (Pre).
         Starting Network Service...
[[0;32m  OK  [0m] Started Network Service.
         Starting Wait for Network to be Configured...
         Starting Network Name Resolution...
[[0;32m  OK  [0m] Started Network Name Resolution.
[[0;32m  OK  [0m] Reached target Network.
[[0;32m  OK  [0m] Reached target Host and Network Name Lookups.
[[0;32m  OK  [0m] Started Wait for Network to be Configured.
         Starting Initial cloud-init job (metadata service crawler)...
[   16.529563] cloud-init[633]: Cloud-init v. 19.3-41-gc4735dd3-0ubuntu1~18.04.1 running 'init' at Tue, 07 Jan 2020 11:30:47 +0000. Up 16.05 seconds.
[   16.536348] cloud-init[633]: ci-info: ++++++++++++++++++++++++++++++++++++++Net device info+++++++++++++++++++++++++++++++++++++++
[   16.540441] cloud-init[633]: ci-info: +--------+------+-----------------------------+---------------+--------+-------------------+
[   16.544040] cloud-init[633]: ci-info: | Device |  Up  |           Address           |      Mask     | Scope  |     Hw-Address    |
[   16.548045] cloud-init[633]: ci-info: +--------+------+-----------------------------+---------------+--------+-------------------+
[   16.551578] cloud-init[633]: ci-info: | enp0s3 | True |          10.0.2.15          | 255.255.255.0 | global | 02:b7:1f:33:e9:24 |
[   16.554990] cloud-init[633]: ci-info: | enp0s3 | True |  fe80::b7:1fff:fe33:e924/64 |       .       |  link  | 02:b7:1f:33:e9:24 |
[   16.558135] cloud-init[633]: ci-info: | enp0s8 | True |         192.168.10.2        | 255.255.255.0 | global | 08:00:27:5d:f3:dc |
[   16.561658] cloud-init[633]: ci-info: | enp0s8 | True | fe80::a00:27ff:fe5d:f3dc/64 |       .       |  link  | 08:00:27:5d:f3:dc |
[   16.564737] cloud-init[633]: ci-info: |   lo   | True |          127.0.0.1          |   255.0.0.0   |  host  |         .         |
[   16.568996] cloud-init[633]: ci-info: |   lo   | True |           ::1/128           |       .       |  host  |         .         |
[   16.572418] cloud-init[633]: ci-info: +--------+------+-----------------------------+---------------+--------+-------------------+
[   16.575611] cloud-init[633]: ci-info: +++++++++++++++++++++++++++++Route IPv4 info+++++++++++++++++++++++++++++
[   16.578374] cloud-init[633]: ci-info: +-------+--------------+----------+-----------------+-----------+-------+
[   16.592531] cloud-init[633]: ci-info: | Route | Destination  | Gateway  |     Genmask     | Interface | Flags |
[   16.604395] cloud-init[633]: ci-info: +-------+--------------+----------+-----------------+-----------+-------+
[   16.607162] cloud-init[633]: ci-info: |   0   |   0.0.0.0    | 10.0.2.2 |     0.0.0.0     |   enp0s3  |   UG  |
[   16.609867] cloud-init[633]: ci-info: |   1   |   10.0.2.0   | 0.0.0.0  |  255.255.255.0  |   enp0s3  |   U   |
[   16.612693] cloud-init[633]: ci-info: |   2   |   10.0.2.2   | 0.0.0.0  | 255.255.255.255 |   enp0s3  |   UH  |
[   16.624787] cloud-init[633]: ci-info: |   3   | 192.168.10.0 | 0.0.0.0  |  255.255.255.0  |   enp0s8  |   U   |
[   16.627644] cloud-init[633]: ci-info: +-------+--------------+----------+-----------------+-----------+-------+
[   16.631205] cloud-init[633]: ci-info: +++++++++++++++++++Route IPv6 info+++++++++++++++++++
[   16.634178] cloud-init[633]: ci-info: +-------+-------------+---------+-----------+-------+
[   16.637044] cloud-init[633]: ci-info: | Route | Destination | Gateway | Interface | Flags |
[   16.639945] cloud-init[633]: ci-info: +-------+-------------+---------+-----------+-------+
[   16.642744] cloud-init[633]: ci-info: |   1   |  fe80::/64  |    ::   |   enp0s8  |   U   |
[   16.645064] cloud-init[633]: ci-info: |   2   |  fe80::/64  |    ::   |   enp0s3  |   U   |
[   16.648140] cloud-init[633]: ci-info: |   4   |    local    |    ::   |   enp0s3  |   U   |
[   16.650845] cloud-init[633]: ci-info: |   5   |    local    |    ::   |   enp0s8  |   U   |
[   16.653261] cloud-init[633]: ci-info: |   6   |   ff00::/8  |    ::   |   enp0s8  |   U   |
[   16.655524] cloud-init[633]: ci-info: |   7   |   ff00::/8  |    ::   |   enp0s3  |   U   |
[   16.658297] cloud-init[633]: ci-info: +-------+-------------+---------+-----------+-------+
[[0;32m  OK  [0m] Started Initial cloud-init job (metadata service crawler).
[[0;32m  OK  [0m] Reached target Cloud-config availability.
[[0;32m  OK  [0m] Reached target System Initialization.
[[0;32m  OK  [0m] Listening on ACPID Listen Socket.
[[0;32m  OK  [0m] Listening on D-Bus System Message Bus Socket.
[[0;32m  OK  [0m] Started ACPI Events Check.
[[0;32m  OK  [0m] Started Daily apt download activities.
         Starting Socket activation for snappy daemon.
[[0;32m  OK  [0m] Started Discard unused blocks once a week.
[[0;32m  OK  [0m] Listening on UUID daemon activation socket.
[[0;32m  OK  [0m] Started Daily apt upgrade and clean activities.
[[0;32m  OK  [0m] Started Daily Cleanup of Temporary Directories.
         Starting LXD - unix socket.
[[0;32m  OK  [0m] Listening on Open-iSCSI iscsid Socket.
[[0;32m  OK  [0m] Started Message of the Day.
[[0;32m  OK  [0m] Reached target Timers.
[[0;32m  OK  [0m] Reached target Paths.
[[0;32m  OK  [0m] Reached target Network is Online.
         Starting Availability of block devices...
[[0;32m  OK  [0m] Reached target Remote File Systems (Pre).
[[0;32m  OK  [0m] Reached target Remote File Systems.
[[0;32m  OK  [0m] Listening on Socket activation for snappy daemon.
[[0;32m  OK  [0m] Listening on LXD - unix socket.
[[0;32m  OK  [0m] Reached target Sockets.
[[0;32m  OK  [0m] Reached target Basic System.
[[0;32m  OK  [0m] Started Regular background program processing daemon.
[[0;32m  OK  [0m] Started D-Bus System Message Bus.
[[0;32m  OK  [0m] Started Deferred execution scheduler.
         Starting LXD - container startup/shutdown...
         Starting Permit User Sessions...
         Starting LSB: automatic crash report generation...
         Starting Login Service...
         Starting Dispatcher daemon for systemd-networkd...
[[0;32m  OK  [0m] Started irqbalance daemon.
         Starting LSB: Record successful boot for GRUB...
         Starting Accounts Service...
         Starting Snappy daemon...
         Starting OpenBSD Secure Shell server...
         Starting Virtualbox guest utils...
         Starting System Logging Service...
[[0;32m  OK  [0m] Started FUSE filesystem for LXC.
[[0;32m  OK  [0m] Started Availability of block devices.
[[0;32m  OK  [0m] Started Permit User Sessions.
[[0;32m  OK  [0m] Started Login Service.
[[0;32m  OK  [0m] Started Unattended Upgrades Shutdown.
         Starting Hold until boot process finishes up...
         Starting Terminate Plymouth Boot Screen...
[[0;32m  OK  [0m] Started Hold until boot process finishes up.
[[0;32m  OK  [0m] Started Serial Getty on ttyS0.
         Starting Set console scheme...
[[0;32m  OK  [0m] Started Terminate Plymouth Boot Screen.
[[0;32m  OK  [0m] Started System Logging Service.
[[0;32m  OK  [0m] Started OpenBSD Secure Shell server.
[[0;32m  OK  [0m] Started Set console scheme.
[[0;32m  OK  [0m] Created slice system-getty.slice.
[[0;32m  OK  [0m] Started Getty on tty1.
[[0;32m  OK  [0m] Reached target Login Prompts.
[[0;32m  OK  [0m] Started LXD - container startup/shutdown.
[[0;32m  OK  [0m] Started LSB: automatic crash report generation.
         Starting Authorization Manager...
[[0;32m  OK  [0m] Started Virtualbox guest utils.
[[0;32m  OK  [0m] Started LSB: Record successful boot for GRUB.
[[0;32m  OK  [0m] Started Authorization Manager.
[[0;32m  OK  [0m] Started Accounts Service.
[[0;32m  OK  [0m] Started Dispatcher daemon for systemd-networkd.
[[0;32m  OK  [0m] Started Snappy daemon.
         Starting Wait until snapd is fully seeded...
[[0;32m  OK  [0m] Started Wait until snapd is fully seeded.
         Starting Apply the settings specified in cloud-config...
[[0;32m  OK  [0m] Reached target Multi-User System.
[[0;32m  OK  [0m] Reached target Graphical Interface.
         Starting Update UTMP about System Runlevel Changes...
[[0;32m  OK  [0m] Started Update UTMP about System Runlevel Changes.
[   20.312305] cloud-init[990]: Cloud-init v. 19.3-41-gc4735dd3-0ubuntu1~18.04.1 running 'modules:config' at Tue, 07 Jan 2020 11:30:51 +0000. Up 20.03 seconds.
[[0;32m  OK  [0m] Started Apply the settings specified in cloud-config.
         Starting Execute cloud user/final scripts...
[   22.280484] cloud-init[1038]: Cloud-init v. 19.3-41-gc4735dd3-0ubuntu1~18.04.1 running 'modules:final' at Tue, 07 Jan 2020 11:30:53 +0000. Up 21.85 seconds.
[   22.286109] cloud-init[1038]: Cloud-init v. 19.3-41-gc4735dd3-0ubuntu1~18.04.1 finished at Tue, 07 Jan 2020 11:30:54 +0000. Datasource DataSourceNoCloud [seed=/dev/sdb][dsmode=net].  Up 22.25 seconds
[[0;32m  OK  [0m] Started Execute cloud user/final scripts.
[[0;32m  OK  [0m] Reached target Cloud-init target.

Ubuntu 18.04.3 LTS ansible-host ttyS0

ansible-host login:          Stopping User Manager for UID 1000...
         Stopping Authorization Manager...
         Stopping Availability of block devices...
[[0;32m  OK  [0m] Stopped target Graphical Interface.
[[0;32m  OK  [0m] Stopped target Timers.
[[0;32m  OK  [0m] Stopped Discard unused blocks once a week.
[[0;32m  OK  [0m] Stopped target Host and Network Name Lookups.
         Stopping Session 8 of user vagrant.
[[0;32m  OK  [0m] Stopped Message of the Day.
[[0;32m  OK  [0m] Stopped target Cloud-init target.
[[0;32m  OK  [0m] Stopped Daily Cleanup of Temporary Directories.
         Stopping Accounts Service...
[[0;32m  OK  [0m] Stopped Execute cloud user/final scripts.
[[0;32m  OK  [0m] Stopped Apply the settings specified in cloud-config.
[[0;32m  OK  [0m] Stopped target Cloud-config availability.
[[0;32m  OK  [0m] Stopped target Multi-User System.
         Stopping Unattended Upgrades Shutdown...
         Stopping Deferred execution scheduler...
         Stopping FUSE filesystem for LXC...
         Stopping LSB: Record successful boot for GRUB...
         Stopping OpenBSD Secure Shell server...
         Stopping D-Bus System Message Bus...
         Stopping Regular background program processing daemon...
         Stopping Virtualbox guest utils...
[[0;32m  OK  [0m] Stopped target Login Prompts.
         Stopping Getty on tty1...
         Stopping Serial Getty on ttyS0...
[[0;32m  OK  [0m] Stopped Wait until snapd is fully seeded.
         Stopping LSB: automatic crash report generation...
         Stopping System Logging Service...
         Stopping Dispatcher daemon for systemd-networkd...
[[0;32m  OK  [0m] Stopped target Network is Online.
         Stopping irqbalance daemon...
         Stopping LXD - container startup/shutdown...
         Stopping Session 6 of user vagrant.
[[0;32m  OK  [0m] Closed Load/Save RF Kill Switch Status /dev/rfkill Watch.
         Stopping Daemon for generating UUIDs...
[[0;32m  OK  [0m] Stopped Daily apt upgrade and clean activities.
[[0;32m  OK  [0m] Stopped Daily apt download activities.
[[0;32m  OK  [0m] Stopped target System Time Synchronized.
[[0;32m  OK  [0m] Unmounted /var/lib/lxcfs.
[[0;32m  OK  [0m] Stopped Regular background program processing daemon.
[[0;32m  OK  [0m] Stopped Deferred execution scheduler.
[[0;32m  OK  [0m] Stopped Dispatcher daemon for systemd-networkd.
[[0;32m  OK  [0m] Stopped irqbalance daemon.
[[0;32m  OK  [0m] Stopped Accounts Service.
[[0;32m  OK  [0m] Stopped System Logging Service.
[[0;32m  OK  [0m] Stopped Serial Getty on ttyS0.
[[0;32m  OK  [0m] Stopped OpenBSD Secure Shell server.
[[0;32m  OK  [0m] Stopped Getty on tty1.
[[0;32m  OK  [0m] Stopped Unattended Upgrades Shutdown.
[[0;32m  OK  [0m] Stopped Authorization Manager.
[[0;32m  OK  [0m] Stopped User Manager for UID 1000.
[[0;32m  OK  [0m] Stopped Daemon for generating UUIDs.
[[0;32m  OK  [0m] Stopped Availability of block devices.
[[0;32m  OK  [0m] Stopped D-Bus System Message Bus.
[[0;32m  OK  [0m] Stopped FUSE filesystem for LXC.
[[0;32m  OK  [0m] Stopped Session 8 of user vagrant.
[[0;32m  OK  [0m] Stopped Session 6 of user vagrant.
[[0;32m  OK  [0m] Stopped LXD - container startup/shutdown.
[[0;32m  OK  [0m] Removed slice User Slice of vagrant.
         Stopping Login Service...
[[0;32m  OK  [0m] Removed slice system-getty.slice.
         Stopping Permit User Sessions...
[[0;32m  OK  [0m] Removed slice system-serial\x2dgetty.slice.
[[0;32m  OK  [0m] Stopped LSB: Record successful boot for GRUB.
[[0;32m  OK  [0m] Stopped Permit User Sessions.
[[0;32m  OK  [0m] Stopped target Network.
         Stopping Network Name Resolution...
[[0;32m  OK  [0m] Stopped Login Service.
[[0;32m  OK  [0m] Stopped Network Name Resolution.
[[0;32m  OK  [0m] Stopped LSB: automatic crash report generation.
[[0;32m  OK  [0m] Stopped Virtualbox guest utils.
[[0;32m  OK  [0m] Stopped target Remote File Systems.
[[0;32m  OK  [0m] Stopped target Remote File Systems (Pre).
[[0;32m  OK  [0m] Stopped target User and Group Name Lookups.
[[0;32m  OK  [0m] Stopped target Basic System.
[[0;32m  OK  [0m] Stopped target Sockets.
[[0;32m  OK  [0m] Closed UUID daemon activation socket.
[[0;32m  OK  [0m] Closed LXD - unix socket.
[[0;32m  OK  [0m] Closed ACPID Listen Socket.
[[0;32m  OK  [0m] Closed Open-iSCSI iscsid Socket.
[[0;32m  OK  [0m] Closed Socket activation for snappy daemon.
[[0;32m  OK  [0m] Closed D-Bus System Message Bus Socket.
[[0;32m  OK  [0m] Closed Syslog Socket.
[[0;32m  OK  [0m] Stopped target Paths.
[[0;32m  OK  [0m] Stopped ACPI Events Check.
[[0;32m  OK  [0m] Stopped target System Initialization.
[[0;32m  OK  [0m] Stopped target Local Encrypted Volumes.
[[0;32m  OK  [0m] Stopped Initial cloud-init job (metadata service crawler).
[[0;32m  OK  [0m] Stopped Wait for Network to be Configured.
         Stopping Network Service...
         Stopping Load/Save Random Seed...
         Stopping Update UTMP about System Boot/Shutdown...
[[0;32m  OK  [0m] Stopped Forward Password Requests to Wall Directory Watch.
[[0;32m  OK  [0m] Stopped Dispatch Password Requests to Console Directory Watch.
[[0;32m  OK  [0m] Stopped target Slices.
[[0;32m  OK  [0m] Removed slice User and Session Slice.
[[0;32m  OK  [0m] Stopped Load/Save Random Seed.
[[0;32m  OK  [0m] Stopped Update UTMP about System Boot/Shutdown.
[[0;32m  OK  [0m] Stopped Create Volatile Files and Directories.
[[0;32m  OK  [0m] Stopped target Local File Systems.
         Unmounting /run/user/1000...
[[0;32m  OK  [0m] Unmounted /run/user/1000.
[[0;32m  OK  [0m] Stopped Network Service.
[[0;32m  OK  [0m] Stopped Apply Kernel Variables.
[[0;32m  OK  [0m] Stopped Load Kernel Modules.
[[0;32m  OK  [0m] Stopped target Network (Pre).
[[0;32m  OK  [0m] Stopped Initial cloud-init job (pre-networking).
[[0;32m  OK  [0m] Reached target Unmount All Filesystems.
[[0;32m  OK  [0m] Stopped target Swap.
[[0;32m  OK  [0m] Stopped target Local File Systems (Pre).
         Stopping Monitoring of LVM2 mirrors…ng dmeventd or progress polling...
[[0;32m  OK  [0m] Stopped Remount Root and Kernel File Systems.
[[0;32m  OK  [0m] Stopped Create Static Device Nodes in /dev.
[[0;32m  OK  [0m] Reached target Shutdown.
[[0;32m  OK  [0m] Reached target Final Step.
         Starting Power-Off...
[13443.439489] reboot: Power down
